<?xml version="1.0" encoding="UTF-8"?>
<testsuite xmlns:xsi="http://www.w3.org/2001/XMLSchema-instance" xsi:noNamespaceSchemaLocation="https://maven.apache.org/surefire/maven-surefire-plugin/xsd/surefire-test-report.xsd" name="GeneralCodingRulesTest" time="1.131" tests="1" errors="0" skipped="0" failures="1">
  <properties>
[...]
</properties>
  <testcase name="generalRules" classname="pl.sages.javadevpro.projecttwo.archtest.GeneralCodingRulesTest" time="1.131">
    <failure message="Architecture Violation [Priority: MEDIUM] - Rule &apos;no classes should throw generic exceptions and no classes should use field injection, because field injection is considered harmful; use constructor injection or setter injection instead; see https://stackoverflow.com/q/39890849 for detailed explanations and no classes should access standard streams&apos; was violated (1 times):&#10;Method &lt;pl.sages.javadevpro.projecttwo.config.JwtAuthenticationFilter.parseCredentials(javax.servlet.http.HttpServletRequest)&gt; calls method &lt;java.io.IOException.printStackTrace()&gt; in (JwtAuthenticationFilter.java:75)" type="java.lang.AssertionError"><![CDATA[java.lang.AssertionError: 
Architecture Violation [Priority: MEDIUM] - Rule 'no classes should throw generic exceptions and no classes should use field injection, because field injection is considered harmful; use constructor injection or setter injection instead; see https://stackoverflow.com/q/39890849 for detailed explanations and no classes should access standard streams' was violated (1 times):
Method <pl.sages.javadevpro.projecttwo.config.JwtAuthenticationFilter.parseCredentials(javax.servlet.http.HttpServletRequest)> calls method <java.io.IOException.printStackTrace()> in (JwtAuthenticationFilter.java:75)
]]></failure>
    <system-out><![CDATA[16:42:50.230 [main] INFO com.tngtech.archunit.core.PluginLoader - Detected Java version 11.0.12
16:42:50.232 [main] DEBUG com.tngtech.archunit.core.PluginLoader - Current Java version is compatible to JAVA_9 => Loading Plugin com.tngtech.archunit.core.importer.ModuleImportPlugin
16:42:50.239 [main] DEBUG com.tngtech.archunit.core.importer.UrlSource$From - Found URLs on sun.boot.class.path: []
16:42:50.246 [main] DEBUG com.tngtech.archunit.core.importer.UrlSource$From - Found URLs on java.class.path: [file:/home/raggy2k4/Desktop/java_dev_pro/projectTwo/target/test-classes/, file:/home/raggy2k4/Desktop/java_dev_pro/projectTwo/target/classes/, jar:file:/home/raggy2k4/.m2/repository/org/springframework/boot/spring-boot-starter-web/2.6.1/spring-boot-starter-web-2.6.1.jar!/, jar:file:/home/raggy2k4/.m2/repository/org/springframework/boot/spring-boot-starter/2.6.1/spring-boot-starter-2.6.1.jar!/, jar:file:/home/raggy2k4/.m2/repository/org/springframework/boot/spring-boot/2.6.1/spring-boot-2.6.1.jar!/, jar:file:/home/raggy2k4/.m2/repository/org/springframework/boot/spring-boot-autoconfigure/2.6.1/spring-boot-autoconfigure-2.6.1.jar!/, jar:file:/home/raggy2k4/.m2/repository/org/springframework/boot/spring-boot-starter-logging/2.6.1/spring-boot-starter-logging-2.6.1.jar!/, jar:file:/home/raggy2k4/.m2/repository/ch/qos/logback/logback-classic/1.2.7/logback-classic-1.2.7.jar!/, jar:file:/home/raggy2k4/.m2/repository/ch/qos/logback/logback-core/1.2.7/logback-core-1.2.7.jar!/, jar:file:/home/raggy2k4/.m2/repository/org/apache/logging/log4j/log4j-to-slf4j/2.14.1/log4j-to-slf4j-2.14.1.jar!/, jar:file:/home/raggy2k4/.m2/repository/org/apache/logging/log4j/log4j-api/2.14.1/log4j-api-2.14.1.jar!/, jar:file:/home/raggy2k4/.m2/repository/org/slf4j/jul-to-slf4j/1.7.32/jul-to-slf4j-1.7.32.jar!/, jar:file:/home/raggy2k4/.m2/repository/jakarta/annotation/jakarta.annotation-api/1.3.5/jakarta.annotation-api-1.3.5.jar!/, jar:file:/home/raggy2k4/.m2/repository/org/yaml/snakeyaml/1.29/snakeyaml-1.29.jar!/, jar:file:/home/raggy2k4/.m2/repository/org/springframework/boot/spring-boot-starter-json/2.6.1/spring-boot-starter-json-2.6.1.jar!/, jar:file:/home/raggy2k4/.m2/repository/com/fasterxml/jackson/datatype/jackson-datatype-jdk8/2.13.0/jackson-datatype-jdk8-2.13.0.jar!/, jar:file:/home/raggy2k4/.m2/repository/com/fasterxml/jackson/datatype/jackson-datatype-jsr310/2.13.0/jackson-datatype-jsr310-2.13.0.jar!/, jar:file:/home/raggy2k4/.m2/repository/com/fasterxml/jackson/module/jackson-module-parameter-names/2.13.0/jackson-module-parameter-names-2.13.0.jar!/, jar:file:/home/raggy2k4/.m2/repository/org/springframework/boot/spring-boot-starter-tomcat/2.6.1/spring-boot-starter-tomcat-2.6.1.jar!/, jar:file:/home/raggy2k4/.m2/repository/org/apache/tomcat/embed/tomcat-embed-core/9.0.55/tomcat-embed-core-9.0.55.jar!/, jar:file:/home/raggy2k4/.m2/repository/org/apache/tomcat/embed/tomcat-embed-el/9.0.55/tomcat-embed-el-9.0.55.jar!/, jar:file:/home/raggy2k4/.m2/repository/org/apache/tomcat/embed/tomcat-embed-websocket/9.0.55/tomcat-embed-websocket-9.0.55.jar!/, jar:file:/home/raggy2k4/.m2/repository/org/springframework/spring-web/5.3.13/spring-web-5.3.13.jar!/, jar:file:/home/raggy2k4/.m2/repository/org/springframework/spring-beans/5.3.13/spring-beans-5.3.13.jar!/, jar:file:/home/raggy2k4/.m2/repository/org/springframework/spring-webmvc/5.3.13/spring-webmvc-5.3.13.jar!/, jar:file:/home/raggy2k4/.m2/repository/org/springframework/spring-context/5.3.13/spring-context-5.3.13.jar!/, jar:file:/home/raggy2k4/.m2/repository/org/springframework/spring-expression/5.3.13/spring-expression-5.3.13.jar!/, jar:file:/home/raggy2k4/.m2/repository/org/springframework/boot/spring-boot-configuration-processor/2.6.1/spring-boot-configuration-processor-2.6.1.jar!/, jar:file:/home/raggy2k4/.m2/repository/org/springframework/boot/spring-boot-starter-security/2.6.1/spring-boot-starter-security-2.6.1.jar!/, jar:file:/home/raggy2k4/.m2/repository/org/springframework/spring-aop/5.3.13/spring-aop-5.3.13.jar!/, jar:file:/home/raggy2k4/.m2/repository/org/springframework/security/spring-security-config/5.6.0/spring-security-config-5.6.0.jar!/, jar:file:/home/raggy2k4/.m2/repository/org/springframework/security/spring-security-core/5.6.0/spring-security-core-5.6.0.jar!/, jar:file:/home/raggy2k4/.m2/repository/org/springframework/security/spring-security-crypto/5.6.0/spring-security-crypto-5.6.0.jar!/, jar:file:/home/raggy2k4/.m2/repository/org/springframework/security/spring-security-web/5.6.0/spring-security-web-5.6.0.jar!/, jar:file:/home/raggy2k4/.m2/repository/io/jsonwebtoken/jjwt-api/0.10.5/jjwt-api-0.10.5.jar!/, jar:file:/home/raggy2k4/.m2/repository/io/jsonwebtoken/jjwt-impl/0.10.5/jjwt-impl-0.10.5.jar!/, jar:file:/home/raggy2k4/.m2/repository/io/jsonwebtoken/jjwt-jackson/0.10.5/jjwt-jackson-0.10.5.jar!/, jar:file:/home/raggy2k4/.m2/repository/com/fasterxml/jackson/core/jackson-databind/2.13.0/jackson-databind-2.13.0.jar!/, jar:file:/home/raggy2k4/.m2/repository/com/fasterxml/jackson/core/jackson-annotations/2.13.0/jackson-annotations-2.13.0.jar!/, jar:file:/home/raggy2k4/.m2/repository/com/fasterxml/jackson/core/jackson-core/2.13.0/jackson-core-2.13.0.jar!/, jar:file:/home/raggy2k4/.m2/repository/org/springframework/boot/spring-boot-starter-data-mongodb/2.6.1/spring-boot-starter-data-mongodb-2.6.1.jar!/, jar:file:/home/raggy2k4/.m2/repository/org/mongodb/mongodb-driver-sync/4.4.0/mongodb-driver-sync-4.4.0.jar!/, jar:file:/home/raggy2k4/.m2/repository/org/mongodb/bson/4.4.0/bson-4.4.0.jar!/, jar:file:/home/raggy2k4/.m2/repository/org/mongodb/mongodb-driver-core/4.4.0/mongodb-driver-core-4.4.0.jar!/, jar:file:/home/raggy2k4/.m2/repository/org/springframework/data/spring-data-mongodb/3.3.0/spring-data-mongodb-3.3.0.jar!/, jar:file:/home/raggy2k4/.m2/repository/org/springframework/spring-tx/5.3.13/spring-tx-5.3.13.jar!/, jar:file:/home/raggy2k4/.m2/repository/org/springframework/data/spring-data-commons/2.6.0/spring-data-commons-2.6.0.jar!/, jar:file:/home/raggy2k4/.m2/repository/org/slf4j/slf4j-api/1.7.32/slf4j-api-1.7.32.jar!/, jar:file:/home/raggy2k4/.m2/repository/de/flapdoodle/embed/de.flapdoodle.embed.mongo/3.0.0/de.flapdoodle.embed.mongo-3.0.0.jar!/, jar:file:/home/raggy2k4/.m2/repository/de/flapdoodle/embed/de.flapdoodle.embed.process/3.0.1/de.flapdoodle.embed.process-3.0.1.jar!/, jar:file:/home/raggy2k4/.m2/repository/org/apache/commons/commons-lang3/3.12.0/commons-lang3-3.12.0.jar!/, jar:file:/home/raggy2k4/.m2/repository/org/apache/commons/commons-compress/1.20/commons-compress-1.20.jar!/, jar:file:/home/raggy2k4/.m2/repository/net/java/dev/jna/jna/5.6.0/jna-5.6.0.jar!/, jar:file:/home/raggy2k4/.m2/repository/net/java/dev/jna/jna-platform/5.6.0/jna-platform-5.6.0.jar!/, jar:file:/home/raggy2k4/.m2/repository/org/projectlombok/lombok/1.18.22/lombok-1.18.22.jar!/, jar:file:/home/raggy2k4/.m2/repository/org/springframework/boot/spring-boot-starter-test/2.6.1/spring-boot-starter-test-2.6.1.jar!/, jar:file:/home/raggy2k4/.m2/repository/org/springframework/boot/spring-boot-test/2.6.1/spring-boot-test-2.6.1.jar!/, jar:file:/home/raggy2k4/.m2/repository/org/springframework/boot/spring-boot-test-autoconfigure/2.6.1/spring-boot-test-autoconfigure-2.6.1.jar!/, jar:file:/home/raggy2k4/.m2/repository/com/jayway/jsonpath/json-path/2.6.0/json-path-2.6.0.jar!/, jar:file:/home/raggy2k4/.m2/repository/net/minidev/json-smart/2.4.7/json-smart-2.4.7.jar!/, jar:file:/home/raggy2k4/.m2/repository/net/minidev/accessors-smart/2.4.7/accessors-smart-2.4.7.jar!/, jar:file:/home/raggy2k4/.m2/repository/org/ow2/asm/asm/9.1/asm-9.1.jar!/, jar:file:/home/raggy2k4/.m2/repository/jakarta/xml/bind/jakarta.xml.bind-api/2.3.3/jakarta.xml.bind-api-2.3.3.jar!/, jar:file:/home/raggy2k4/.m2/repository/jakarta/activation/jakarta.activation-api/1.2.2/jakarta.activation-api-1.2.2.jar!/, jar:file:/home/raggy2k4/.m2/repository/org/assertj/assertj-core/3.21.0/assertj-core-3.21.0.jar!/, jar:file:/home/raggy2k4/.m2/repository/org/hamcrest/hamcrest/2.2/hamcrest-2.2.jar!/, jar:file:/home/raggy2k4/.m2/repository/org/mockito/mockito-core/4.0.0/mockito-core-4.0.0.jar!/, jar:file:/home/raggy2k4/.m2/repository/net/bytebuddy/byte-buddy/1.11.22/byte-buddy-1.11.22.jar!/, jar:file:/home/raggy2k4/.m2/repository/net/bytebuddy/byte-buddy-agent/1.11.22/byte-buddy-agent-1.11.22.jar!/, jar:file:/home/raggy2k4/.m2/repository/org/objenesis/objenesis/3.2/objenesis-3.2.jar!/, jar:file:/home/raggy2k4/.m2/repository/org/mockito/mockito-junit-jupiter/4.0.0/mockito-junit-jupiter-4.0.0.jar!/, jar:file:/home/raggy2k4/.m2/repository/org/skyscreamer/jsonassert/1.5.0/jsonassert-1.5.0.jar!/, jar:file:/home/raggy2k4/.m2/repository/com/vaadin/external/google/android-json/0.0.20131108.vaadin1/android-json-0.0.20131108.vaadin1.jar!/, jar:file:/home/raggy2k4/.m2/repository/org/springframework/spring-core/5.3.13/spring-core-5.3.13.jar!/, jar:file:/home/raggy2k4/.m2/repository/org/springframework/spring-jcl/5.3.13/spring-jcl-5.3.13.jar!/, jar:file:/home/raggy2k4/.m2/repository/org/springframework/spring-test/5.3.13/spring-test-5.3.13.jar!/, jar:file:/home/raggy2k4/.m2/repository/org/xmlunit/xmlunit-core/2.8.3/xmlunit-core-2.8.3.jar!/, jar:file:/home/raggy2k4/.m2/repository/org/junit/jupiter/junit-jupiter/5.8.2/junit-jupiter-5.8.2.jar!/, jar:file:/home/raggy2k4/.m2/repository/org/junit/jupiter/junit-jupiter-api/5.8.1/junit-jupiter-api-5.8.1.jar!/, jar:file:/home/raggy2k4/.m2/repository/org/opentest4j/opentest4j/1.2.0/opentest4j-1.2.0.jar!/, jar:file:/home/raggy2k4/.m2/repository/org/junit/platform/junit-platform-commons/1.8.1/junit-platform-commons-1.8.1.jar!/, jar:file:/home/raggy2k4/.m2/repository/org/apiguardian/apiguardian-api/1.1.2/apiguardian-api-1.1.2.jar!/, jar:file:/home/raggy2k4/.m2/repository/org/junit/jupiter/junit-jupiter-params/5.8.1/junit-jupiter-params-5.8.1.jar!/, jar:file:/home/raggy2k4/.m2/repository/org/junit/jupiter/junit-jupiter-engine/5.8.1/junit-jupiter-engine-5.8.1.jar!/, jar:file:/home/raggy2k4/.m2/repository/org/junit/platform/junit-platform-engine/1.8.1/junit-platform-engine-1.8.1.jar!/, jar:file:/home/raggy2k4/.m2/repository/com/tngtech/archunit/archunit-junit5/0.22.0/archunit-junit5-0.22.0.jar!/, jar:file:/home/raggy2k4/.m2/repository/com/tngtech/archunit/archunit-junit5-api/0.22.0/archunit-junit5-api-0.22.0.jar!/, jar:file:/home/raggy2k4/.m2/repository/com/tngtech/archunit/archunit/0.22.0/archunit-0.22.0.jar!/, jar:file:/home/raggy2k4/.m2/repository/com/tngtech/archunit/archunit-junit5-engine/0.22.0/archunit-junit5-engine-0.22.0.jar!/, jar:file:/home/raggy2k4/.m2/repository/com/tngtech/archunit/archunit-junit5-engine-api/0.22.0/archunit-junit5-engine-api-0.22.0.jar!/]
16:42:50.627 [main] DEBUG com.tngtech.archunit.core.importer.JavaClassProcessor - Processing class 'pl/sages/javadevpro/projecttwo/ProjectTwoApplication'
16:42:50.650 [main] DEBUG com.tngtech.archunit.core.importer.JavaClassProcessor - Processing class 'pl/sages/javadevpro/projecttwo/api/TaskEndpoint'
16:42:50.658 [main] DEBUG com.tngtech.archunit.core.importer.JavaClassProcessor - Processing class 'pl/sages/javadevpro/projecttwo/external/storage/task/MongoTaskRepository'
16:42:50.660 [main] DEBUG com.tngtech.archunit.core.importer.JavaClassProcessor - Processing class 'pl/sages/javadevpro/projecttwo/external/storage/user/MongoUserRepository'
16:42:50.660 [main] DEBUG com.tngtech.archunit.core.importer.JavaClassProcessor - Processing class 'pl/sages/javadevpro/projecttwo/config/JwtAuthenticationFilter'
16:42:50.663 [main] DEBUG com.tngtech.archunit.core.importer.JavaClassProcessor - Processing class 'pl/sages/javadevpro/projecttwo/domain/user/User'
16:42:50.665 [main] DEBUG com.tngtech.archunit.core.importer.JavaClassProcessor - Processing class 'pl/sages/javadevpro/projecttwo/config/CredentialsDTO'
16:42:50.666 [main] DEBUG com.tngtech.archunit.core.importer.JavaClassProcessor - Processing class 'pl/sages/javadevpro/projecttwo/api/user/UserDtoMapper'
16:42:50.668 [main] DEBUG com.tngtech.archunit.core.importer.JavaClassProcessor - Processing class 'pl/sages/javadevpro/projecttwo/domain/user/UserRepository'
16:42:50.668 [main] DEBUG com.tngtech.archunit.core.importer.JavaClassProcessor - Processing class 'pl/sages/javadevpro/projecttwo/external/storage/TaskStorageAdapter'
16:42:50.670 [main] DEBUG com.tngtech.archunit.core.importer.JavaClassProcessor - Processing class 'pl/sages/javadevpro/projecttwo/api/user/UserDto'
16:42:50.671 [main] DEBUG com.tngtech.archunit.core.importer.JavaClassProcessor - Processing class 'pl/sages/javadevpro/projecttwo/domain/task/Task'
16:42:50.673 [main] DEBUG com.tngtech.archunit.core.importer.JavaClassProcessor - Processing class 'pl/sages/javadevpro/projecttwo/config/JwtAuthorizationFilter'
16:42:50.674 [main] DEBUG com.tngtech.archunit.core.importer.JavaClassProcessor - Processing class 'pl/sages/javadevpro/projecttwo/external/storage/user/UserEntity'
16:42:50.678 [main] DEBUG com.tngtech.archunit.core.importer.JavaClassProcessor - Processing class 'pl/sages/javadevpro/projecttwo/external/storage/UserStorageAdapter'
16:42:50.679 [main] DEBUG com.tngtech.archunit.core.importer.JavaClassProcessor - Processing class 'pl/sages/javadevpro/projecttwo/api/task/TaskDtoMapper'
16:42:50.680 [main] DEBUG com.tngtech.archunit.core.importer.JavaClassProcessor - Processing class 'pl/sages/javadevpro/projecttwo/api/UserEndpoint'
16:42:50.681 [main] DEBUG com.tngtech.archunit.core.importer.JavaClassProcessor - Processing class 'pl/sages/javadevpro/projecttwo/external/storage/task/TaskEntity'
16:42:50.683 [main] DEBUG com.tngtech.archunit.core.importer.JavaClassProcessor - Processing class 'pl/sages/javadevpro/projecttwo/external/storage/user/UserEntityMapper'
16:42:50.684 [main] DEBUG com.tngtech.archunit.core.importer.JavaClassProcessor - Processing class 'pl/sages/javadevpro/projecttwo/domain/UserService'
16:42:50.684 [main] DEBUG com.tngtech.archunit.core.importer.JavaClassProcessor - Processing class 'pl/sages/javadevpro/projecttwo/external/storage/task/TaskEntityMapper'
16:42:50.685 [main] DEBUG com.tngtech.archunit.core.importer.JavaClassProcessor - Processing class 'pl/sages/javadevpro/projecttwo/domain/user/UserRole'
16:42:50.686 [main] DEBUG com.tngtech.archunit.core.importer.JavaClassProcessor - Processing class 'pl/sages/javadevpro/projecttwo/api/task/TaskDto'
16:42:50.688 [main] DEBUG com.tngtech.archunit.core.importer.JavaClassProcessor - Processing class 'pl/sages/javadevpro/projecttwo/config/SecurityConfiguration'
16:42:50.689 [main] DEBUG com.tngtech.archunit.core.importer.JavaClassProcessor - Processing class 'pl/sages/javadevpro/projecttwo/config/SecurityConstants'
16:42:50.690 [main] DEBUG com.tngtech.archunit.core.importer.JavaClassProcessor - Processing class 'pl/sages/javadevpro/projecttwo/config/DomainConfiguration'
16:42:50.691 [main] DEBUG com.tngtech.archunit.core.importer.JavaClassProcessor - Processing class 'pl/sages/javadevpro/projecttwo/domain/TaskService'
16:42:50.692 [main] DEBUG com.tngtech.archunit.core.importer.JavaClassProcessor - Processing class 'pl/sages/javadevpro/projecttwo/domain/task/TaskRepository'
16:42:50.694 [main] DEBUG com.tngtech.archunit.core.importer.JavaClassProcessor - Processing class 'org/springframework/security/authentication/AuthenticationManager'
16:42:50.705 [main] DEBUG com.tngtech.archunit.core.importer.JavaClassProcessor - Processing class 'com/fasterxml/jackson/databind/ObjectMapper'
16:42:50.719 [main] DEBUG com.tngtech.archunit.core.importer.JavaClassProcessor - Processing class 'java/lang/String'
16:42:50.724 [main] DEBUG com.tngtech.archunit.core.importer.JavaClassProcessor - Processing class 'java/util/List'
16:42:50.726 [main] DEBUG com.tngtech.archunit.core.importer.JavaClassProcessor - Processing class 'java/util/logging/Logger'
16:42:50.730 [main] DEBUG com.tngtech.archunit.core.importer.JavaClassProcessor - Processing class 'org/springframework/data/mongodb/repository/MongoRepository'
16:42:50.731 [main] DEBUG com.tngtech.archunit.core.importer.JavaClassProcessor - Processing class 'org/springframework/data/mongodb/core/MongoTemplate'
16:42:50.744 [main] DEBUG com.tngtech.archunit.core.importer.JavaClassProcessor - Processing class 'org/springframework/http/ResponseEntity'
16:42:50.746 [main] DEBUG com.tngtech.archunit.core.importer.JavaClassProcessor - Processing class 'org/springframework/security/core/Authentication'
16:42:50.747 [main] DEBUG com.tngtech.archunit.core.importer.JavaClassProcessor - Processing class 'javax/servlet/http/HttpServletRequest'
16:42:50.749 [main] DEBUG com.tngtech.archunit.core.importer.JavaClassProcessor - Processing class 'javax/servlet/http/HttpServletResponse'
16:42:50.750 [main] DEBUG com.tngtech.archunit.core.importer.JavaClassProcessor - Processing class 'javax/servlet/FilterChain'
16:42:50.750 [main] DEBUG com.tngtech.archunit.core.importer.JavaClassProcessor - Processing class 'java/util/Optional'
16:42:50.752 [main] DEBUG com.tngtech.archunit.core.importer.JavaClassProcessor - Processing class 'org/springframework/security/authentication/UsernamePasswordAuthenticationToken'
16:42:50.752 [main] DEBUG com.tngtech.archunit.core.importer.JavaClassProcessor - Processing class 'java/lang/Object'
16:42:50.754 [main] DEBUG com.tngtech.archunit.core.importer.JavaClassProcessor - Processing class 'org/springframework/security/config/annotation/web/builders/HttpSecurity'
16:42:50.758 [main] DEBUG com.tngtech.archunit.core.importer.JavaClassProcessor - Processing class 'org/springframework/security/config/annotation/authentication/builders/AuthenticationManagerBuilder'
16:42:50.760 [main] DEBUG com.tngtech.archunit.core.importer.JavaClassProcessor - Processing class 'org/springframework/security/crypto/password/PasswordEncoder'
16:42:50.760 [main] DEBUG com.tngtech.archunit.core.importer.JavaClassProcessor - Processing class 'org/springframework/web/cors/CorsConfigurationSource'
16:42:50.761 [main] DEBUG com.tngtech.archunit.core.importer.JavaClassProcessor - Processing class 'org/springframework/security/core/userdetails/UserDetails'
16:42:50.762 [main] DEBUG com.tngtech.archunit.core.importer.JavaClassProcessor - Processing class 'org/springframework/security/core/authority/SimpleGrantedAuthority'
16:42:50.764 [main] DEBUG com.tngtech.archunit.core.importer.JavaClassProcessor - Processing class 'org/springframework/security/config/http/SessionCreationPolicy'
16:42:50.765 [main] DEBUG com.tngtech.archunit.core.importer.JavaClassProcessor - Processing class 'io/jsonwebtoken/SignatureAlgorithm'
16:42:50.766 [main] DEBUG com.tngtech.archunit.core.importer.JavaClassProcessor - Processing class 'io/jsonwebtoken/Jws'
16:42:50.767 [main] DEBUG com.tngtech.archunit.core.importer.JavaClassProcessor - Processing class 'org/springframework/security/config/annotation/web/configurers/ExpressionUrlAuthorizationConfigurer$AuthorizedUrl'
16:42:50.768 [main] DEBUG com.tngtech.archunit.core.importer.JavaClassProcessor - Processing class 'io/jsonwebtoken/Jwts'
16:42:50.769 [main] DEBUG com.tngtech.archunit.core.importer.JavaClassProcessor - Processing class 'java/util/stream/Stream'
16:42:50.771 [main] DEBUG com.tngtech.archunit.core.importer.JavaClassProcessor - Processing class 'io/jsonwebtoken/Claims'
16:42:50.772 [main] DEBUG com.tngtech.archunit.core.importer.JavaClassProcessor - Processing class 'org/springframework/security/core/userdetails/User'
16:42:50.773 [main] DEBUG com.tngtech.archunit.core.importer.JavaClassProcessor - Processing class 'org/springframework/security/core/context/SecurityContextHolder'
16:42:50.774 [main] DEBUG com.tngtech.archunit.core.importer.JavaClassProcessor - Processing class 'io/jsonwebtoken/JwtBuilder'
16:42:50.775 [main] DEBUG com.tngtech.archunit.core.importer.JavaClassProcessor - Processing class 'java/lang/System'
16:42:50.777 [main] DEBUG com.tngtech.archunit.core.importer.JavaClassProcessor - Processing class 'org/springframework/security/config/annotation/web/configurers/ExpressionUrlAuthorizationConfigurer$ExpressionInterceptUrlRegistry'
16:42:50.778 [main] DEBUG com.tngtech.archunit.core.importer.JavaClassProcessor - Processing class 'java/lang/Class'
16:42:50.784 [main] DEBUG com.tngtech.archunit.core.importer.JavaClassProcessor - Processing class 'org/springframework/web/cors/CorsConfiguration'
16:42:50.786 [main] DEBUG com.tngtech.archunit.core.importer.JavaClassProcessor - Processing class 'java/util/stream/Collectors'
16:42:50.790 [main] DEBUG com.tngtech.archunit.core.importer.JavaClassProcessor - Processing class 'org/springframework/security/core/context/SecurityContext'
16:42:50.790 [main] DEBUG com.tngtech.archunit.core.importer.JavaClassProcessor - Processing class 'java/lang/Enum'
16:42:50.791 [main] DEBUG com.tngtech.archunit.core.importer.JavaClassProcessor - Processing class 'java/io/PrintWriter'
16:42:50.793 [main] DEBUG com.tngtech.archunit.core.importer.JavaClassProcessor - Processing class 'java/util/Collection'
16:42:50.793 [main] DEBUG com.tngtech.archunit.core.importer.JavaClassProcessor - Processing class 'java/util/Objects'
16:42:50.794 [main] DEBUG com.tngtech.archunit.core.importer.JavaClassProcessor - Processing class 'org/springframework/security/config/annotation/web/configurers/SessionManagementConfigurer'
16:42:50.796 [main] DEBUG com.tngtech.archunit.core.importer.JavaClassProcessor - Processing class 'org/springframework/security/config/annotation/web/configurers/CorsConfigurer'
16:42:50.797 [main] DEBUG com.tngtech.archunit.core.importer.JavaClassProcessor - Processing class 'io/jsonwebtoken/security/Keys'
16:42:50.799 [main] DEBUG com.tngtech.archunit.core.importer.JavaClassProcessor - Processing class 'org/springframework/data/mongodb/core/query/Query'
16:42:50.801 [main] DEBUG com.tngtech.archunit.core.importer.JavaClassProcessor - Processing class 'org/springframework/boot/SpringApplication'
16:42:50.804 [main] DEBUG com.tngtech.archunit.core.importer.JavaClassProcessor - Processing class 'java/io/BufferedReader'
16:42:50.805 [main] DEBUG com.tngtech.archunit.core.importer.JavaClassProcessor - Processing class 'org/springframework/security/crypto/password/NoOpPasswordEncoder'
16:42:50.806 [main] DEBUG com.tngtech.archunit.core.importer.JavaClassProcessor - Processing class 'org/springframework/security/config/annotation/web/configurers/CsrfConfigurer'
16:42:50.808 [main] DEBUG com.tngtech.archunit.core.importer.JavaClassProcessor - Processing class 'io/jsonwebtoken/JwtParser'
16:42:50.809 [main] DEBUG com.tngtech.archunit.core.importer.JavaClassProcessor - Processing class 'org/springframework/data/mongodb/core/query/Criteria'
16:42:50.811 [main] DEBUG com.tngtech.archunit.core.importer.JavaClassProcessor - Processing class 'org/springframework/context/ConfigurableApplicationContext'
16:42:50.812 [main] DEBUG com.tngtech.archunit.core.importer.JavaClassProcessor - Processing class 'org/springframework/web/cors/UrlBasedCorsConfigurationSource'
16:42:50.813 [main] DEBUG com.tngtech.archunit.core.importer.JavaClassProcessor - Processing class 'java/io/IOException'
16:42:50.814 [main] DEBUG com.tngtech.archunit.core.importer.JavaClassProcessor - Processing class 'org/springframework/security/config/annotation/web/configuration/WebSecurityConfigurerAdapter'
16:42:50.816 [main] DEBUG com.tngtech.archunit.core.importer.JavaClassProcessor - Processing class 'org/springframework/web/filter/OncePerRequestFilter'
16:42:50.816 [main] DEBUG com.tngtech.archunit.core.importer.JavaClassProcessor - Processing class 'java/util/Date'
16:42:50.818 [main] DEBUG com.tngtech.archunit.core.importer.JavaClassProcessor - Processing class 'org/springframework/security/web/authentication/UsernamePasswordAuthenticationFilter'
16:42:50.819 [main] DEBUG com.tngtech.archunit.core.importer.JavaClassProcessor - Processing class 'org/springframework/security/config/annotation/AbstractConfiguredSecurityBuilder'
16:42:50.821 [main] DEBUG com.tngtech.archunit.core.importer.JavaClassProcessor - Processing class 'org/springframework/security/config/annotation/AbstractSecurityBuilder'
16:42:50.821 [main] DEBUG com.tngtech.archunit.core.importer.JavaClassProcessor - Processing class 'org/springframework/web/filter/GenericFilterBean'
16:42:50.823 [main] DEBUG com.tngtech.archunit.core.importer.JavaClassProcessor - Processing class 'org/springframework/security/web/authentication/AbstractAuthenticationProcessingFilter'
16:42:50.824 [main] DEBUG com.tngtech.archunit.core.importer.JavaClassProcessor - Processing class 'java/io/Writer'
16:42:50.825 [main] DEBUG com.tngtech.archunit.core.importer.JavaClassProcessor - Processing class 'org/springframework/security/authentication/AbstractAuthenticationToken'
16:42:50.826 [main] DEBUG com.tngtech.archunit.core.importer.JavaClassProcessor - Processing class 'org/springframework/security/config/annotation/web/configurers/AbstractHttpConfigurer'
16:42:50.827 [main] DEBUG com.tngtech.archunit.core.importer.JavaClassProcessor - Processing class 'org/springframework/security/config/annotation/SecurityConfigurerAdapter'
16:42:50.827 [main] DEBUG com.tngtech.archunit.core.importer.JavaClassProcessor - Processing class 'org/springframework/security/config/annotation/web/configurers/AbstractInterceptUrlConfigurer$AbstractInterceptUrlRegistry'
16:42:50.828 [main] DEBUG com.tngtech.archunit.core.importer.JavaClassProcessor - Processing class 'org/springframework/security/config/annotation/web/configurers/AbstractConfigAttributeRequestMatcherRegistry'
16:42:50.829 [main] DEBUG com.tngtech.archunit.core.importer.JavaClassProcessor - Processing class 'org/springframework/security/config/annotation/web/AbstractRequestMatcherRegistry'
16:42:50.831 [main] DEBUG com.tngtech.archunit.core.importer.JavaClassProcessor - Processing class 'com/fasterxml/jackson/core/ObjectCodec'
16:42:50.832 [main] DEBUG com.tngtech.archunit.core.importer.JavaClassProcessor - Processing class 'com/fasterxml/jackson/core/TreeCodec'
16:42:50.832 [main] DEBUG com.tngtech.archunit.core.importer.JavaClassProcessor - Processing class 'java/lang/Exception'
16:42:50.833 [main] DEBUG com.tngtech.archunit.core.importer.JavaClassProcessor - Processing class 'java/lang/Throwable'
16:42:50.834 [main] DEBUG com.tngtech.archunit.core.importer.JavaClassProcessor - Processing class 'org/springframework/http/HttpEntity'
16:42:50.834 [main] DEBUG com.tngtech.archunit.core.importer.JavaClassProcessor - Processing class 'java/io/Reader'
16:42:50.835 [main] DEBUG com.tngtech.archunit.core.importer.JavaClassProcessor - Processing class 'org/springframework/data/repository/PagingAndSortingRepository'
16:42:50.836 [main] DEBUG com.tngtech.archunit.core.importer.JavaClassProcessor - Processing class 'org/springframework/data/repository/CrudRepository'
16:42:50.837 [main] DEBUG com.tngtech.archunit.core.importer.JavaClassProcessor - Processing class 'org/springframework/data/repository/Repository'
16:42:50.837 [main] DEBUG com.tngtech.archunit.core.importer.JavaClassProcessor - Processing class 'org/springframework/data/repository/query/QueryByExampleExecutor'
16:42:50.838 [main] DEBUG com.tngtech.archunit.core.importer.JavaClassProcessor - Processing class 'com/fasterxml/jackson/core/Versioned'
16:42:50.838 [main] DEBUG com.tngtech.archunit.core.importer.JavaClassProcessor - Processing class 'java/io/Serializable'
16:42:50.838 [main] DEBUG com.tngtech.archunit.core.importer.JavaClassProcessor - Processing class 'java/lang/Comparable'
16:42:50.838 [main] DEBUG com.tngtech.archunit.core.importer.JavaClassProcessor - Processing class 'java/lang/CharSequence'
16:42:50.839 [main] DEBUG com.tngtech.archunit.core.importer.JavaClassProcessor - Processing class 'java/lang/Iterable'
16:42:50.840 [main] DEBUG com.tngtech.archunit.core.importer.JavaClassProcessor - Processing class 'org/springframework/data/mongodb/core/MongoOperations'
16:42:50.842 [main] DEBUG com.tngtech.archunit.core.importer.JavaClassProcessor - Processing class 'org/springframework/data/mongodb/core/FluentMongoOperations'
16:42:50.843 [main] DEBUG com.tngtech.archunit.core.importer.JavaClassProcessor - Processing class 'org/springframework/data/mongodb/core/ExecutableFindOperation'
16:42:50.844 [main] DEBUG com.tngtech.archunit.core.importer.JavaClassProcessor - Processing class 'org/springframework/data/mongodb/core/ExecutableInsertOperation'
16:42:50.844 [main] DEBUG com.tngtech.archunit.core.importer.JavaClassProcessor - Processing class 'org/springframework/data/mongodb/core/ExecutableUpdateOperation'
16:42:50.845 [main] DEBUG com.tngtech.archunit.core.importer.JavaClassProcessor - Processing class 'org/springframework/data/mongodb/core/ExecutableRemoveOperation'
16:42:50.846 [main] DEBUG com.tngtech.archunit.core.importer.JavaClassProcessor - Processing class 'org/springframework/data/mongodb/core/ExecutableAggregationOperation'
16:42:50.846 [main] DEBUG com.tngtech.archunit.core.importer.JavaClassProcessor - Processing class 'org/springframework/data/mongodb/core/ExecutableMapReduceOperation'
16:42:50.847 [main] DEBUG com.tngtech.archunit.core.importer.JavaClassProcessor - Processing class 'org/springframework/context/ApplicationContextAware'
16:42:50.847 [main] DEBUG com.tngtech.archunit.core.importer.JavaClassProcessor - Processing class 'org/springframework/beans/factory/Aware'
16:42:50.848 [main] DEBUG com.tngtech.archunit.core.importer.JavaClassProcessor - Processing class 'org/springframework/data/mongodb/core/index/IndexOperationsProvider'
16:42:50.848 [main] DEBUG com.tngtech.archunit.core.importer.JavaClassProcessor - Processing class 'java/security/Principal'
16:42:50.849 [main] DEBUG com.tngtech.archunit.core.importer.JavaClassProcessor - Processing class 'javax/servlet/ServletRequest'
16:42:50.849 [main] DEBUG com.tngtech.archunit.core.importer.JavaClassProcessor - Processing class 'javax/servlet/ServletResponse'
16:42:50.850 [main] DEBUG com.tngtech.archunit.core.importer.JavaClassProcessor - Processing class 'org/springframework/security/config/annotation/SecurityBuilder'
16:42:50.850 [main] DEBUG com.tngtech.archunit.core.importer.JavaClassProcessor - Processing class 'org/springframework/security/config/annotation/web/HttpSecurityBuilder'
16:42:50.851 [main] DEBUG com.tngtech.archunit.core.importer.JavaClassProcessor - Processing class 'org/springframework/security/config/annotation/authentication/ProviderManagerBuilder'
16:42:50.851 [main] DEBUG com.tngtech.archunit.core.importer.JavaClassProcessor - Processing class 'org/springframework/security/core/GrantedAuthority'
16:42:50.851 [main] DEBUG com.tngtech.archunit.core.importer.JavaClassProcessor - Processing class 'io/jsonwebtoken/Jwt'
16:42:50.852 [main] DEBUG com.tngtech.archunit.core.importer.JavaClassProcessor - Processing class 'java/util/stream/BaseStream'
16:42:50.852 [main] DEBUG com.tngtech.archunit.core.importer.JavaClassProcessor - Processing class 'java/lang/AutoCloseable'
16:42:50.852 [main] DEBUG com.tngtech.archunit.core.importer.JavaClassProcessor - Processing class 'java/util/Map'
16:42:50.854 [main] DEBUG com.tngtech.archunit.core.importer.JavaClassProcessor - Processing class 'io/jsonwebtoken/ClaimsMutator'
16:42:50.854 [main] DEBUG com.tngtech.archunit.core.importer.JavaClassProcessor - Processing class 'org/springframework/security/core/CredentialsContainer'
16:42:50.854 [main] DEBUG com.tngtech.archunit.core.importer.JavaClassProcessor - Processing class 'java/lang/reflect/GenericDeclaration'
16:42:50.855 [main] DEBUG com.tngtech.archunit.core.importer.JavaClassProcessor - Processing class 'java/lang/reflect/AnnotatedElement'
16:42:50.855 [main] DEBUG com.tngtech.archunit.core.importer.JavaClassProcessor - Processing class 'java/lang/reflect/Type'
16:42:50.855 [main] DEBUG com.tngtech.archunit.core.importer.JavaClassProcessor - Processing class 'org/springframework/data/mongodb/core/query/CriteriaDefinition'
16:42:50.856 [main] DEBUG com.tngtech.archunit.core.importer.JavaClassProcessor - Processing class 'org/springframework/context/ApplicationContext'
16:42:50.856 [main] DEBUG com.tngtech.archunit.core.importer.JavaClassProcessor - Processing class 'org/springframework/core/env/EnvironmentCapable'
16:42:50.857 [main] DEBUG com.tngtech.archunit.core.importer.JavaClassProcessor - Processing class 'org/springframework/beans/factory/ListableBeanFactory'
16:42:50.857 [main] DEBUG com.tngtech.archunit.core.importer.JavaClassProcessor - Processing class 'org/springframework/beans/factory/BeanFactory'
16:42:50.858 [main] DEBUG com.tngtech.archunit.core.importer.JavaClassProcessor - Processing class 'org/springframework/beans/factory/HierarchicalBeanFactory'
16:42:50.858 [main] DEBUG com.tngtech.archunit.core.importer.JavaClassProcessor - Processing class 'org/springframework/context/MessageSource'
16:42:50.859 [main] DEBUG com.tngtech.archunit.core.importer.JavaClassProcessor - Processing class 'org/springframework/context/ApplicationEventPublisher'
16:42:50.859 [main] DEBUG com.tngtech.archunit.core.importer.JavaClassProcessor - Processing class 'org/springframework/core/io/support/ResourcePatternResolver'
16:42:50.860 [main] DEBUG com.tngtech.archunit.core.importer.JavaClassProcessor - Processing class 'org/springframework/core/io/ResourceLoader'
16:42:50.860 [main] DEBUG com.tngtech.archunit.core.importer.JavaClassProcessor - Processing class 'org/springframework/context/Lifecycle'
16:42:50.861 [main] DEBUG com.tngtech.archunit.core.importer.JavaClassProcessor - Processing class 'java/io/Closeable'
16:42:50.861 [main] DEBUG com.tngtech.archunit.core.importer.JavaClassProcessor - Processing class 'org/springframework/security/config/annotation/web/WebSecurityConfigurer'
16:42:50.861 [main] DEBUG com.tngtech.archunit.core.importer.JavaClassProcessor - Processing class 'org/springframework/security/config/annotation/SecurityConfigurer'
16:42:50.862 [main] DEBUG com.tngtech.archunit.core.importer.JavaClassProcessor - Processing class 'java/lang/Cloneable'
16:42:50.862 [main] DEBUG com.tngtech.archunit.core.importer.JavaClassProcessor - Processing class 'javax/servlet/Filter'
16:42:50.862 [main] DEBUG com.tngtech.archunit.core.importer.JavaClassProcessor - Processing class 'org/springframework/beans/factory/BeanNameAware'
16:42:50.863 [main] DEBUG com.tngtech.archunit.core.importer.JavaClassProcessor - Processing class 'org/springframework/context/EnvironmentAware'
16:42:50.863 [main] DEBUG com.tngtech.archunit.core.importer.JavaClassProcessor - Processing class 'org/springframework/web/context/ServletContextAware'
16:42:50.863 [main] DEBUG com.tngtech.archunit.core.importer.JavaClassProcessor - Processing class 'org/springframework/beans/factory/InitializingBean'
16:42:50.864 [main] DEBUG com.tngtech.archunit.core.importer.JavaClassProcessor - Processing class 'org/springframework/beans/factory/DisposableBean'
16:42:50.864 [main] DEBUG com.tngtech.archunit.core.importer.JavaClassProcessor - Processing class 'org/springframework/context/ApplicationEventPublisherAware'
16:42:50.864 [main] DEBUG com.tngtech.archunit.core.importer.JavaClassProcessor - Processing class 'org/springframework/context/MessageSourceAware'
16:42:50.865 [main] DEBUG com.tngtech.archunit.core.importer.JavaClassProcessor - Processing class 'java/lang/Appendable'
16:42:50.865 [main] DEBUG com.tngtech.archunit.core.importer.JavaClassProcessor - Processing class 'java/io/Flushable'
16:42:50.865 [main] DEBUG com.tngtech.archunit.core.importer.JavaClassProcessor - Processing class 'java/lang/Readable'
16:42:50.867 [main] DEBUG com.tngtech.archunit.core.importer.JavaClassProcessor - Processing class 'java/lang/Deprecated'
16:42:50.868 [main] DEBUG com.tngtech.archunit.core.importer.JavaClassProcessor - Processing class 'java/lang/annotation/Documented'
16:42:50.868 [main] DEBUG com.tngtech.archunit.core.importer.JavaClassProcessor - Processing class 'java/lang/annotation/Retention'
16:42:50.869 [main] DEBUG com.tngtech.archunit.core.importer.JavaClassProcessor - Processing class 'java/lang/annotation/Target'
16:42:50.872 [main] DEBUG com.tngtech.archunit.core.importer.JavaClassProcessor - Processing class 'jdk/internal/reflect/CallerSensitive'
16:42:50.872 [main] DEBUG com.tngtech.archunit.core.importer.JavaClassProcessor - Processing class 'jdk/internal/HotSpotIntrinsicCandidate'
16:42:50.872 [main] DEBUG com.tngtech.archunit.core.importer.JavaClassProcessor - Processing class 'jdk/internal/vm/annotation/ForceInline'
16:42:50.873 [main] DEBUG com.tngtech.archunit.core.importer.JavaClassProcessor - Processing class 'jdk/internal/vm/annotation/Stable'
16:42:50.874 [main] DEBUG com.tngtech.archunit.core.importer.JavaClassProcessor - Processing class 'java/lang/SafeVarargs'
16:42:50.876 [main] DEBUG com.tngtech.archunit.core.importer.JavaClassProcessor - Processing class 'org/springframework/lang/Nullable'
16:42:50.877 [main] DEBUG com.tngtech.archunit.core.importer.JavaClassProcessor - Processing class 'java/lang/FunctionalInterface'
16:42:50.880 [main] DEBUG com.tngtech.archunit.core.importer.JavaClassProcessor - Processing class 'org/springframework/data/repository/NoRepositoryBean'
16:42:50.880 [main] DEBUG com.tngtech.archunit.core.importer.JavaClassProcessor - Processing class 'org/springframework/stereotype/Indexed'
16:42:50.881 [main] DEBUG com.tngtech.archunit.core.importer.JavaClassProcessor - Processing class 'org/springframework/core/annotation/Order'
16:42:50.882 [main] DEBUG com.tngtech.archunit.core.importer.JavaClassProcessor - Processing class 'org/springframework/beans/factory/annotation/Autowired'
16:42:50.883 [main] DEBUG com.tngtech.archunit.core.importer.JavaClassProcessor - Processing class 'org/springframework/boot/autoconfigure/SpringBootApplication'
16:42:50.885 [main] DEBUG com.tngtech.archunit.core.importer.JavaClassProcessor - Processing class 'java/lang/annotation/Inherited'
16:42:50.886 [main] DEBUG com.tngtech.archunit.core.importer.JavaClassProcessor - Processing class 'org/springframework/boot/autoconfigure/EnableAutoConfiguration'
16:42:50.886 [main] DEBUG com.tngtech.archunit.core.importer.JavaClassProcessor - Processing class 'org/springframework/boot/autoconfigure/AutoConfigurationPackage'
16:42:50.887 [main] DEBUG com.tngtech.archunit.core.importer.JavaClassProcessor - Processing class 'org/springframework/context/annotation/Import'
16:42:50.887 [main] DEBUG com.tngtech.archunit.core.importer.JavaClassProcessor - Processing class 'org/springframework/boot/SpringBootConfiguration'
16:42:50.888 [main] DEBUG com.tngtech.archunit.core.importer.JavaClassProcessor - Processing class 'org/springframework/context/annotation/Configuration'
16:42:50.888 [main] DEBUG com.tngtech.archunit.core.importer.JavaClassProcessor - Processing class 'org/springframework/stereotype/Component'
16:42:50.889 [main] DEBUG com.tngtech.archunit.core.importer.JavaClassProcessor - Processing class 'org/springframework/core/annotation/AliasFor'
16:42:50.889 [main] DEBUG com.tngtech.archunit.core.importer.JavaClassProcessor - Processing class 'org/springframework/context/annotation/ComponentScan'
16:42:50.890 [main] DEBUG com.tngtech.archunit.core.importer.JavaClassProcessor - Processing class 'java/lang/annotation/Repeatable'
16:42:50.890 [main] DEBUG com.tngtech.archunit.core.importer.JavaClassProcessor - Processing class 'org/springframework/web/bind/annotation/RequestMapping'
16:42:50.891 [main] DEBUG com.tngtech.archunit.core.importer.JavaClassProcessor - Processing class 'org/springframework/web/bind/annotation/Mapping'
16:42:50.891 [main] DEBUG com.tngtech.archunit.core.importer.JavaClassProcessor - Processing class 'org/springframework/web/bind/annotation/RestController'
16:42:50.892 [main] DEBUG com.tngtech.archunit.core.importer.JavaClassProcessor - Processing class 'org/springframework/web/bind/annotation/ResponseBody'
16:42:50.892 [main] DEBUG com.tngtech.archunit.core.importer.JavaClassProcessor - Processing class 'org/springframework/stereotype/Controller'
16:42:50.892 [main] DEBUG com.tngtech.archunit.core.importer.JavaClassProcessor - Processing class 'org/springframework/security/access/annotation/Secured'
16:42:50.893 [main] DEBUG com.tngtech.archunit.core.importer.JavaClassProcessor - Processing class 'org/springframework/web/bind/annotation/GetMapping'
16:42:50.893 [main] DEBUG com.tngtech.archunit.core.importer.JavaClassProcessor - Processing class 'org/springframework/web/bind/annotation/PostMapping'
16:42:50.894 [main] DEBUG com.tngtech.archunit.core.importer.JavaClassProcessor - Processing class 'org/springframework/web/bind/annotation/PathVariable'
16:42:50.894 [main] DEBUG com.tngtech.archunit.core.importer.JavaClassProcessor - Processing class 'org/springframework/web/bind/annotation/RequestBody'
16:42:50.895 [main] DEBUG com.tngtech.archunit.core.importer.JavaClassProcessor - Processing class 'org/springframework/boot/context/properties/ConfigurationProperties'
16:42:50.895 [main] DEBUG com.tngtech.archunit.core.importer.JavaClassProcessor - Processing class 'org/springframework/context/annotation/Bean'
16:42:50.896 [main] DEBUG com.tngtech.archunit.core.importer.JavaClassProcessor - Processing class 'org/springframework/security/config/annotation/web/configuration/EnableWebSecurity'
16:42:50.896 [main] DEBUG com.tngtech.archunit.core.importer.JavaClassProcessor - Processing class 'org/springframework/security/config/annotation/authentication/configuration/EnableGlobalAuthentication'
16:42:50.897 [main] DEBUG com.tngtech.archunit.core.importer.JavaClassProcessor - Processing class 'org/springframework/security/config/annotation/method/configuration/EnableGlobalMethodSecurity'
16:42:50.897 [main] DEBUG com.tngtech.archunit.core.importer.JavaClassProcessor - Processing class 'org/springframework/data/mongodb/core/mapping/Document'
16:42:50.898 [main] DEBUG com.tngtech.archunit.core.importer.JavaClassProcessor - Processing class 'org/springframework/data/annotation/Persistent'
16:42:50.898 [main] DEBUG com.tngtech.archunit.core.importer.JavaClassProcessor - Processing class 'org/springframework/data/annotation/TypeAlias'
16:42:50.899 [main] DEBUG com.tngtech.archunit.core.importer.JavaClassProcessor - Processing class 'org/springframework/data/annotation/Id'
16:42:50.901 [main] DEBUG com.tngtech.archunit.core.importer.JavaClassProcessor - Processing class 'com/fasterxml/jackson/core/Version'
16:42:50.905 [main] DEBUG com.tngtech.archunit.core.importer.JavaClassProcessor - Processing class 'com/fasterxml/jackson/core/JsonParser'
16:42:50.909 [main] DEBUG com.tngtech.archunit.core.importer.JavaClassProcessor - Processing class 'com/fasterxml/jackson/core/type/TypeReference'
16:42:50.910 [main] DEBUG com.tngtech.archunit.core.importer.JavaClassProcessor - Processing class 'com/fasterxml/jackson/core/type/ResolvedType'
16:42:50.910 [main] DEBUG com.tngtech.archunit.core.importer.JavaClassProcessor - Processing class 'java/util/Iterator'
16:42:50.911 [main] DEBUG com.tngtech.archunit.core.importer.JavaClassProcessor - Processing class 'com/fasterxml/jackson/core/JsonGenerator'
16:42:50.913 [main] DEBUG com.tngtech.archunit.core.importer.JavaClassProcessor - Processing class 'com/fasterxml/jackson/core/TreeNode'
16:42:50.913 [main] DEBUG com.tngtech.archunit.core.importer.JavaClassProcessor - Processing class 'com/fasterxml/jackson/core/JsonProcessingException'
16:42:50.914 [main] DEBUG com.tngtech.archunit.core.importer.JavaClassProcessor - Processing class 'com/fasterxml/jackson/core/JsonFactory'
16:42:50.918 [main] DEBUG com.tngtech.archunit.core.importer.JavaClassProcessor - Processing class 'com/fasterxml/jackson/databind/AnnotationIntrospector'
16:42:50.919 [main] DEBUG com.tngtech.archunit.core.importer.JavaClassProcessor - Processing class 'com/fasterxml/jackson/databind/cfg/BaseSettings'
16:42:50.921 [main] DEBUG com.tngtech.archunit.core.importer.JavaClassProcessor - Processing class 'com/fasterxml/jackson/databind/type/TypeFactory'
16:42:50.923 [main] DEBUG com.tngtech.archunit.core.importer.JavaClassProcessor - Processing class 'com/fasterxml/jackson/databind/InjectableValues'
16:42:50.924 [main] DEBUG com.tngtech.archunit.core.importer.JavaClassProcessor - Processing class 'com/fasterxml/jackson/databind/jsontype/SubtypeResolver'
16:42:50.924 [main] DEBUG com.tngtech.archunit.core.importer.JavaClassProcessor - Processing class 'com/fasterxml/jackson/databind/cfg/ConfigOverrides'
16:42:50.925 [main] DEBUG com.tngtech.archunit.core.importer.JavaClassProcessor - Processing class 'com/fasterxml/jackson/databind/cfg/CoercionConfigs'
16:42:50.926 [main] DEBUG com.tngtech.archunit.core.importer.JavaClassProcessor - Processing class 'com/fasterxml/jackson/databind/introspect/SimpleMixInResolver'
16:42:50.926 [main] DEBUG com.tngtech.archunit.core.importer.JavaClassProcessor - Processing class 'com/fasterxml/jackson/databind/SerializationConfig'
16:42:50.928 [main] DEBUG com.tngtech.archunit.core.importer.JavaClassProcessor - Processing class 'com/fasterxml/jackson/databind/ser/DefaultSerializerProvider'
16:42:50.929 [main] DEBUG com.tngtech.archunit.core.importer.JavaClassProcessor - Processing class 'com/fasterxml/jackson/databind/ser/SerializerFactory'
16:42:50.930 [main] DEBUG com.tngtech.archunit.core.importer.JavaClassProcessor - Processing class 'com/fasterxml/jackson/databind/DeserializationConfig'
16:42:50.932 [main] DEBUG com.tngtech.archunit.core.importer.JavaClassProcessor - Processing class 'com/fasterxml/jackson/databind/deser/DefaultDeserializationContext'
16:42:50.932 [main] DEBUG com.tngtech.archunit.core.importer.JavaClassProcessor - Processing class 'java/util/Set'
16:42:50.933 [main] DEBUG com.tngtech.archunit.core.importer.JavaClassProcessor - Processing class 'com/fasterxml/jackson/databind/JavaType'
16:42:50.934 [main] DEBUG com.tngtech.archunit.core.importer.JavaClassProcessor - Processing class 'com/fasterxml/jackson/databind/JsonDeserializer'
16:42:50.934 [main] DEBUG com.tngtech.archunit.core.importer.JavaClassProcessor - Processing class 'java/util/concurrent/ConcurrentHashMap'
16:42:50.938 [main] DEBUG com.tngtech.archunit.core.importer.JavaClassProcessor - Processing class 'com/fasterxml/jackson/databind/introspect/ClassIntrospector'
16:42:50.939 [main] DEBUG com.tngtech.archunit.core.importer.JavaClassProcessor - Processing class 'com/fasterxml/jackson/databind/ObjectReader'
16:42:50.942 [main] DEBUG com.tngtech.archunit.core.importer.JavaClassProcessor - Processing class 'com/fasterxml/jackson/core/FormatSchema'
16:42:50.943 [main] DEBUG com.tngtech.archunit.core.importer.JavaClassProcessor - Processing class 'com/fasterxml/jackson/databind/ObjectWriter'
16:42:50.945 [main] DEBUG com.tngtech.archunit.core.importer.JavaClassProcessor - Processing class 'com/fasterxml/jackson/core/PrettyPrinter'
16:42:50.945 [main] DEBUG com.tngtech.archunit.core.importer.JavaClassProcessor - Processing class 'com/fasterxml/jackson/databind/Module'
16:42:50.946 [main] DEBUG com.tngtech.archunit.core.importer.JavaClassProcessor - Processing class 'java/lang/ClassLoader'
16:42:50.948 [main] DEBUG com.tngtech.archunit.core.importer.JavaClassProcessor - Processing class 'java/util/ServiceLoader'
16:42:50.949 [main] DEBUG com.tngtech.archunit.core.importer.JavaClassProcessor - Processing class 'java/io/OutputStream'
16:42:50.950 [main] DEBUG com.tngtech.archunit.core.importer.JavaClassProcessor - Processing class 'com/fasterxml/jackson/core/JsonEncoding'
16:42:50.950 [main] DEBUG com.tngtech.archunit.core.importer.JavaClassProcessor - Processing class 'java/io/File'
16:42:50.951 [main] DEBUG com.tngtech.archunit.core.importer.JavaClassProcessor - Processing class 'java/io/DataOutput'
16:42:50.951 [main] DEBUG com.tngtech.archunit.core.importer.JavaClassProcessor - Processing class 'java/net/URL'
16:42:50.953 [main] DEBUG com.tngtech.archunit.core.importer.JavaClassProcessor - Processing class 'java/io/InputStream'
16:42:50.954 [main] DEBUG com.tngtech.archunit.core.importer.JavaClassProcessor - Processing class 'java/io/DataInput'
16:42:50.954 [main] DEBUG com.tngtech.archunit.core.importer.JavaClassProcessor - Processing class 'com/fasterxml/jackson/databind/DeserializationContext'
16:42:50.957 [main] DEBUG com.tngtech.archunit.core.importer.JavaClassProcessor - Processing class 'com/fasterxml/jackson/databind/SerializerProvider'
16:42:50.959 [main] DEBUG com.tngtech.archunit.core.importer.JavaClassProcessor - Processing class 'com/fasterxml/jackson/databind/introspect/ClassIntrospector$MixInResolver'
16:42:50.959 [main] DEBUG com.tngtech.archunit.core.importer.JavaClassProcessor - Processing class 'com/fasterxml/jackson/databind/introspect/VisibilityChecker'
16:42:50.960 [main] DEBUG com.tngtech.archunit.core.importer.JavaClassProcessor - Processing class 'com/fasterxml/jackson/annotation/PropertyAccessor'
16:42:50.961 [main] DEBUG com.tngtech.archunit.core.importer.JavaClassProcessor - Processing class 'com/fasterxml/jackson/annotation/JsonAutoDetect$Visibility'
16:42:50.961 [main] DEBUG com.tngtech.archunit.core.importer.JavaClassProcessor - Processing class 'com/fasterxml/jackson/databind/PropertyNamingStrategy'
16:42:50.962 [main] DEBUG com.tngtech.archunit.core.importer.JavaClassProcessor - Processing class 'com/fasterxml/jackson/databind/introspect/AccessorNamingStrategy$Provider'
16:42:50.963 [main] DEBUG com.tngtech.archunit.core.importer.JavaClassProcessor - Processing class 'com/fasterxml/jackson/databind/jsontype/PolymorphicTypeValidator'
16:42:50.963 [main] DEBUG com.tngtech.archunit.core.importer.JavaClassProcessor - Processing class 'com/fasterxml/jackson/annotation/JsonInclude$Include'
16:42:50.964 [main] DEBUG com.tngtech.archunit.core.importer.JavaClassProcessor - Processing class 'com/fasterxml/jackson/annotation/JsonInclude$Value'
16:42:50.964 [main] DEBUG com.tngtech.archunit.core.importer.JavaClassProcessor - Processing class 'com/fasterxml/jackson/annotation/JsonSetter$Value'
16:42:50.965 [main] DEBUG com.tngtech.archunit.core.importer.JavaClassProcessor - Processing class 'com/fasterxml/jackson/annotation/JsonAutoDetect$Value'
16:42:50.966 [main] DEBUG com.tngtech.archunit.core.importer.JavaClassProcessor - Processing class 'java/lang/Boolean'
16:42:50.967 [main] DEBUG com.tngtech.archunit.core.importer.JavaClassProcessor - Processing class 'com/fasterxml/jackson/databind/ObjectMapper$DefaultTyping'
16:42:50.968 [main] DEBUG com.tngtech.archunit.core.importer.JavaClassProcessor - Processing class 'com/fasterxml/jackson/annotation/JsonTypeInfo$As'
16:42:50.969 [main] DEBUG com.tngtech.archunit.core.importer.JavaClassProcessor - Processing class 'com/fasterxml/jackson/databind/jsontype/TypeResolverBuilder'
16:42:50.969 [main] DEBUG com.tngtech.archunit.core.importer.JavaClassProcessor - Processing class 'com/fasterxml/jackson/databind/cfg/MutableConfigOverride'
16:42:50.970 [main] DEBUG com.tngtech.archunit.core.importer.JavaClassProcessor - Processing class 'com/fasterxml/jackson/databind/cfg/MutableCoercionConfig'
16:42:50.970 [main] DEBUG com.tngtech.archunit.core.importer.JavaClassProcessor - Processing class 'com/fasterxml/jackson/databind/type/LogicalType'
16:42:50.971 [main] DEBUG com.tngtech.archunit.core.importer.JavaClassProcessor - Processing class 'com/fasterxml/jackson/databind/node/JsonNodeFactory'
16:42:50.972 [main] DEBUG com.tngtech.archunit.core.importer.JavaClassProcessor - Processing class 'com/fasterxml/jackson/databind/cfg/ConstructorDetector'
16:42:50.972 [main] DEBUG com.tngtech.archunit.core.importer.JavaClassProcessor - Processing class 'com/fasterxml/jackson/databind/deser/DeserializationProblemHandler'
16:42:50.973 [main] DEBUG com.tngtech.archunit.core.importer.JavaClassProcessor - Processing class 'com/fasterxml/jackson/databind/ser/FilterProvider'
16:42:50.974 [main] DEBUG com.tngtech.archunit.core.importer.JavaClassProcessor - Processing class 'com/fasterxml/jackson/core/Base64Variant'
16:42:50.975 [main] DEBUG com.tngtech.archunit.core.importer.JavaClassProcessor - Processing class 'java/text/DateFormat'
16:42:50.976 [main] DEBUG com.tngtech.archunit.core.importer.JavaClassProcessor - Processing class 'com/fasterxml/jackson/databind/cfg/HandlerInstantiator'
16:42:50.976 [main] DEBUG com.tngtech.archunit.core.importer.JavaClassProcessor - Processing class 'java/util/Locale'
16:42:50.978 [main] DEBUG com.tngtech.archunit.core.importer.JavaClassProcessor - Processing class 'java/util/TimeZone'
16:42:50.979 [main] DEBUG com.tngtech.archunit.core.importer.JavaClassProcessor - Processing class 'com/fasterxml/jackson/databind/cfg/ContextAttributes'
16:42:50.980 [main] DEBUG com.tngtech.archunit.core.importer.JavaClassProcessor - Processing class 'com/fasterxml/jackson/databind/MapperFeature'
16:42:50.981 [main] DEBUG com.tngtech.archunit.core.importer.JavaClassProcessor - Processing class 'com/fasterxml/jackson/databind/SerializationFeature'
16:42:50.982 [main] DEBUG com.tngtech.archunit.core.importer.JavaClassProcessor - Processing class 'com/fasterxml/jackson/databind/DeserializationFeature'
16:42:50.983 [main] DEBUG com.tngtech.archunit.core.importer.JavaClassProcessor - Processing class 'com/fasterxml/jackson/core/JsonParser$Feature'
16:42:50.984 [main] DEBUG com.tngtech.archunit.core.importer.JavaClassProcessor - Processing class 'com/fasterxml/jackson/core/JsonGenerator$Feature'
16:42:50.985 [main] DEBUG com.tngtech.archunit.core.importer.JavaClassProcessor - Processing class 'com/fasterxml/jackson/core/JsonFactory$Feature'
16:42:50.985 [main] DEBUG com.tngtech.archunit.core.importer.JavaClassProcessor - Processing class 'com/fasterxml/jackson/core/StreamReadFeature'
16:42:50.986 [main] DEBUG com.tngtech.archunit.core.importer.JavaClassProcessor - Processing class 'com/fasterxml/jackson/core/StreamWriteFeature'
16:42:50.986 [main] DEBUG com.tngtech.archunit.core.importer.JavaClassProcessor - Processing class 'com/fasterxml/jackson/core/exc/StreamReadException'
16:42:50.987 [main] DEBUG com.tngtech.archunit.core.importer.JavaClassProcessor - Processing class 'com/fasterxml/jackson/databind/DatabindException'
16:42:50.987 [main] DEBUG com.tngtech.archunit.core.importer.JavaClassProcessor - Processing class 'com/fasterxml/jackson/databind/JsonNode'
16:42:50.989 [main] DEBUG com.tngtech.archunit.core.importer.JavaClassProcessor - Processing class 'com/fasterxml/jackson/databind/MappingIterator'
16:42:50.990 [main] DEBUG com.tngtech.archunit.core.importer.JavaClassProcessor - Processing class 'com/fasterxml/jackson/databind/JsonMappingException'
16:42:50.991 [main] DEBUG com.tngtech.archunit.core.importer.JavaClassProcessor - Processing class 'com/fasterxml/jackson/core/exc/StreamWriteException'
16:42:50.991 [main] DEBUG com.tngtech.archunit.core.importer.JavaClassProcessor - Processing class 'com/fasterxml/jackson/databind/node/ObjectNode'
16:42:50.993 [main] DEBUG com.tngtech.archunit.core.importer.JavaClassProcessor - Processing class 'com/fasterxml/jackson/databind/node/ArrayNode'
16:42:50.995 [main] DEBUG com.tngtech.archunit.core.importer.JavaClassProcessor - Processing class 'com/fasterxml/jackson/databind/node/POJONode'
16:42:50.995 [main] DEBUG com.tngtech.archunit.core.importer.JavaClassProcessor - Processing class 'java/lang/IllegalArgumentException'
16:42:50.995 [main] DEBUG com.tngtech.archunit.core.importer.JavaClassProcessor - Processing class 'java/util/concurrent/atomic/AtomicReference'
16:42:50.998 [main] DEBUG com.tngtech.archunit.core.importer.JavaClassProcessor - Processing class 'com/fasterxml/jackson/core/io/CharacterEscapes'
16:42:50.999 [main] DEBUG com.tngtech.archunit.core.importer.JavaClassProcessor - Processing class 'com/fasterxml/jackson/databind/jsonschema/JsonSchema'
16:42:51.000 [main] DEBUG com.tngtech.archunit.core.importer.JavaClassProcessor - Processing class 'com/fasterxml/jackson/databind/jsonFormatVisitors/JsonFormatVisitorWrapper'
16:42:51.001 [main] DEBUG com.tngtech.archunit.core.importer.JavaClassProcessor - Processing class 'com/fasterxml/jackson/core/JsonToken'
16:42:51.003 [main] DEBUG com.tngtech.archunit.core.importer.JavaClassProcessor - Processing class 'io/jsonwebtoken/JwsHeader'
16:42:51.004 [main] DEBUG com.tngtech.archunit.core.importer.JavaClassProcessor - Processing class 'io/jsonwebtoken/Header'
16:42:51.005 [main] DEBUG com.tngtech.archunit.core.importer.JavaClassProcessor - Processing class 'java/security/Key'
16:42:51.005 [main] DEBUG com.tngtech.archunit.core.importer.JavaClassProcessor - Processing class 'io/jsonwebtoken/security/InvalidKeyException'
16:42:51.005 [main] DEBUG com.tngtech.archunit.core.importer.JavaClassProcessor - Processing class 'io/jsonwebtoken/CompressionCodec'
16:42:51.006 [main] DEBUG com.tngtech.archunit.core.importer.JavaClassProcessor - Processing class 'io/jsonwebtoken/io/Encoder'
16:42:51.006 [main] DEBUG com.tngtech.archunit.core.importer.JavaClassProcessor - Processing class 'io/jsonwebtoken/io/Serializer'
16:42:51.007 [main] DEBUG com.tngtech.archunit.core.importer.JavaClassProcessor - Processing class 'io/jsonwebtoken/Clock'
16:42:51.007 [main] DEBUG com.tngtech.archunit.core.importer.JavaClassProcessor - Processing class 'io/jsonwebtoken/SigningKeyResolver'
16:42:51.008 [main] DEBUG com.tngtech.archunit.core.importer.JavaClassProcessor - Processing class 'io/jsonwebtoken/CompressionCodecResolver'
16:42:51.008 [main] DEBUG com.tngtech.archunit.core.importer.JavaClassProcessor - Processing class 'io/jsonwebtoken/io/Decoder'
16:42:51.009 [main] DEBUG com.tngtech.archunit.core.importer.JavaClassProcessor - Processing class 'io/jsonwebtoken/io/Deserializer'
16:42:51.009 [main] DEBUG com.tngtech.archunit.core.importer.JavaClassProcessor - Processing class 'io/jsonwebtoken/ExpiredJwtException'
16:42:51.009 [main] DEBUG com.tngtech.archunit.core.importer.JavaClassProcessor - Processing class 'io/jsonwebtoken/MalformedJwtException'
16:42:51.010 [main] DEBUG com.tngtech.archunit.core.importer.JavaClassProcessor - Processing class 'io/jsonwebtoken/security/SignatureException'
16:42:51.010 [main] DEBUG com.tngtech.archunit.core.importer.JavaClassProcessor - Processing class 'io/jsonwebtoken/JwtHandler'
16:42:51.010 [main] DEBUG com.tngtech.archunit.core.importer.JavaClassProcessor - Processing class 'io/jsonwebtoken/UnsupportedJwtException'
16:42:51.011 [main] DEBUG com.tngtech.archunit.core.importer.JavaClassProcessor - Processing class 'javax/crypto/SecretKey'
16:42:51.011 [main] DEBUG com.tngtech.archunit.core.importer.JavaClassProcessor - Processing class 'java/security/PrivateKey'
16:42:51.011 [main] DEBUG com.tngtech.archunit.core.importer.JavaClassProcessor - Processing class 'java/security/interfaces/ECKey'
16:42:51.012 [main] DEBUG com.tngtech.archunit.core.importer.JavaClassProcessor - Processing class 'java/security/interfaces/RSAKey'
16:42:51.012 [main] DEBUG com.tngtech.archunit.core.importer.JavaClassProcessor - Processing class 'io/jsonwebtoken/security/WeakKeyException'
16:42:51.013 [main] DEBUG com.tngtech.archunit.core.importer.JavaClassProcessor - Processing class 'java/security/KeyPair'
16:42:51.013 [main] DEBUG com.tngtech.archunit.core.importer.JavaClassProcessor - Processing class 'java/util/Formatter'
16:42:51.014 [main] DEBUG com.tngtech.archunit.core.importer.JavaClassProcessor - Processing class 'java/io/PrintStream'
16:42:51.015 [main] DEBUG com.tngtech.archunit.core.importer.JavaClassProcessor - Processing class 'java/nio/charset/Charset'
16:42:51.015 [main] DEBUG com.tngtech.archunit.core.importer.JavaClassProcessor - Processing class 'java/io/UnsupportedEncodingException'
16:42:51.016 [main] DEBUG com.tngtech.archunit.core.importer.JavaClassProcessor - Processing class 'java/io/FileNotFoundException'
16:42:51.017 [main] DEBUG com.tngtech.archunit.core.importer.JavaClassProcessor - Processing class 'java/nio/CharBuffer'
16:42:51.018 [main] DEBUG com.tngtech.archunit.core.importer.JavaClassProcessor - Processing class 'java/util/stream/IntStream'
16:42:51.019 [main] DEBUG com.tngtech.archunit.core.importer.JavaClassProcessor - Processing class 'java/util/Spliterator$OfInt'
16:42:51.020 [main] DEBUG com.tngtech.archunit.core.importer.JavaClassProcessor - Processing class 'java/lang/reflect/Constructor'
16:42:51.020 [main] DEBUG com.tngtech.archunit.core.importer.JavaClassProcessor - Processing class 'java/lang/Module'
16:42:51.022 [main] DEBUG com.tngtech.archunit.core.importer.JavaClassProcessor - Processing class 'java/security/ProtectionDomain'
16:42:51.022 [main] DEBUG com.tngtech.archunit.core.importer.JavaClassProcessor - Processing class 'java/lang/Class$ReflectionData'
16:42:51.022 [main] DEBUG com.tngtech.archunit.core.importer.JavaClassProcessor - Processing class 'java/lang/ref/SoftReference'
16:42:51.023 [main] DEBUG com.tngtech.archunit.core.importer.JavaClassProcessor - Processing class 'sun/reflect/generics/repository/ClassRepository'
16:42:51.023 [main] DEBUG com.tngtech.archunit.core.importer.JavaClassProcessor - Processing class 'jdk/internal/reflect/ReflectionFactory'
16:42:51.024 [main] DEBUG com.tngtech.archunit.core.importer.JavaClassProcessor - Processing class 'java/lang/Class$AnnotationData'
16:42:51.024 [main] DEBUG com.tngtech.archunit.core.importer.JavaClassProcessor - Processing class 'sun/reflect/annotation/AnnotationType'
16:42:51.025 [main] DEBUG com.tngtech.archunit.core.importer.JavaClassProcessor - Processing class 'java/lang/ClassValue$ClassValueMap'
16:42:51.026 [main] DEBUG com.tngtech.archunit.core.importer.JavaClassProcessor - Processing class 'java/lang/ClassNotFoundException'
16:42:51.026 [main] DEBUG com.tngtech.archunit.core.importer.JavaClassProcessor - Processing class 'java/lang/InstantiationException'
16:42:51.026 [main] DEBUG com.tngtech.archunit.core.importer.JavaClassProcessor - Processing class 'java/lang/IllegalAccessException'
16:42:51.026 [main] DEBUG com.tngtech.archunit.core.importer.JavaClassProcessor - Processing class 'java/lang/reflect/TypeVariable'
16:42:51.027 [main] DEBUG com.tngtech.archunit.core.importer.JavaClassProcessor - Processing class 'java/lang/Package'
16:42:51.028 [main] DEBUG com.tngtech.archunit.core.importer.JavaClassProcessor - Processing class 'java/lang/reflect/Method'
16:42:51.029 [main] DEBUG com.tngtech.archunit.core.importer.JavaClassProcessor - Processing class 'java/lang/SecurityException'
16:42:51.029 [main] DEBUG com.tngtech.archunit.core.importer.JavaClassProcessor - Processing class 'java/lang/Class$EnclosingMethodInfo'
16:42:51.029 [main] DEBUG com.tngtech.archunit.core.importer.JavaClassProcessor - Processing class 'java/lang/reflect/GenericArrayType'
16:42:51.030 [main] DEBUG com.tngtech.archunit.core.importer.JavaClassProcessor - Processing class 'java/lang/reflect/Field'
16:42:51.031 [main] DEBUG com.tngtech.archunit.core.importer.JavaClassProcessor - Processing class 'java/lang/NoSuchFieldException'
16:42:51.031 [main] DEBUG com.tngtech.archunit.core.importer.JavaClassProcessor - Processing class 'java/lang/NoSuchMethodException'
16:42:51.032 [main] DEBUG com.tngtech.archunit.core.importer.JavaClassProcessor - Processing class 'jdk/internal/loader/BuiltinClassLoader'
16:42:51.033 [main] DEBUG com.tngtech.archunit.core.importer.JavaClassProcessor - Processing class 'java/lang/SecurityManager'
16:42:51.034 [main] DEBUG com.tngtech.archunit.core.importer.JavaClassProcessor - Processing class 'sun/reflect/generics/factory/GenericsFactory'
16:42:51.034 [main] DEBUG com.tngtech.archunit.core.importer.JavaClassProcessor - Processing class 'java/lang/reflect/Executable'
16:42:51.035 [main] DEBUG com.tngtech.archunit.core.importer.JavaClassProcessor - Processing class 'jdk/internal/reflect/ConstantPool'
16:42:51.035 [main] DEBUG com.tngtech.archunit.core.importer.JavaClassProcessor - Processing class 'java/lang/PublicMethods$MethodList'
16:42:51.036 [main] DEBUG com.tngtech.archunit.core.importer.JavaClassProcessor - Processing class 'java/lang/annotation/Annotation'
16:42:51.037 [main] DEBUG com.tngtech.archunit.core.importer.JavaClassProcessor - Processing class 'java/lang/reflect/AnnotatedType'
16:42:51.038 [main] DEBUG com.tngtech.archunit.core.importer.JavaClassProcessor - Processing class 'java/lang/annotation/RetentionPolicy'
16:42:51.039 [main] DEBUG com.tngtech.archunit.core.importer.JavaClassProcessor - Processing class 'java/lang/annotation/ElementType'
16:42:51.039 [main] DEBUG com.tngtech.archunit.core.importer.JavaClassProcessor - Processing class 'java/lang/CloneNotSupportedException'
16:42:51.040 [main] DEBUG com.tngtech.archunit.core.importer.JavaClassProcessor - Processing class 'java/io/ObjectInputStream'
16:42:51.042 [main] DEBUG com.tngtech.archunit.core.importer.JavaClassProcessor - Processing class 'java/io/ObjectStreamException'
16:42:51.042 [main] DEBUG com.tngtech.archunit.core.importer.JavaClassProcessor - Processing class 'java/util/function/Consumer'
16:42:51.043 [main] DEBUG com.tngtech.archunit.core.importer.JavaClassProcessor - Processing class 'java/util/Spliterator'
16:42:51.043 [main] DEBUG com.tngtech.archunit.core.importer.JavaClassProcessor - Processing class 'java/lang/InterruptedException'
16:42:51.043 [main] DEBUG com.tngtech.archunit.core.importer.JavaClassProcessor - Processing class 'java/util/Comparator'
16:42:51.044 [main] DEBUG com.tngtech.archunit.core.importer.JavaClassProcessor - Processing class 'java/lang/Void'
16:42:51.045 [main] DEBUG com.tngtech.archunit.core.importer.JavaClassProcessor - Processing class 'java/lang/StringBuffer'
16:42:51.046 [main] DEBUG com.tngtech.archunit.core.importer.JavaClassProcessor - Processing class 'java/lang/AbstractStringBuilder'
16:42:51.048 [main] DEBUG com.tngtech.archunit.core.importer.JavaClassProcessor - Processing class 'java/lang/StringBuilder'
16:42:51.049 [main] DEBUG com.tngtech.archunit.core.importer.JavaClassProcessor - Processing class 'java/io/Console'
16:42:51.050 [main] DEBUG com.tngtech.archunit.core.importer.JavaClassProcessor - Processing class 'java/util/Properties'
16:42:51.051 [main] DEBUG com.tngtech.archunit.core.importer.JavaClassProcessor - Processing class 'java/lang/ModuleLayer'
16:42:51.052 [main] DEBUG com.tngtech.archunit.core.importer.JavaClassProcessor - Processing class 'java/nio/channels/Channel'
16:42:51.052 [main] DEBUG com.tngtech.archunit.core.importer.JavaClassProcessor - Processing class 'java/lang/System$Logger'
16:42:51.052 [main] DEBUG com.tngtech.archunit.core.importer.JavaClassProcessor - Processing class 'java/util/ResourceBundle'
16:42:51.054 [main] DEBUG com.tngtech.archunit.core.importer.JavaClassProcessor - Processing class 'java/io/FileOutputStream'
16:42:51.055 [main] DEBUG com.tngtech.archunit.core.importer.JavaClassProcessor - Processing class 'java/lang/Throwable$PrintStreamOrWriter'
16:42:51.055 [main] DEBUG com.tngtech.archunit.core.importer.JavaClassProcessor - Processing class 'java/lang/StackTraceElement'
16:42:51.056 [main] DEBUG com.tngtech.archunit.core.importer.JavaClassProcessor - Processing class 'java/io/ObjectOutputStream'
16:42:51.058 [main] DEBUG com.tngtech.archunit.core.importer.JavaClassProcessor - Processing class 'javax/security/auth/Subject'
16:42:51.059 [main] DEBUG com.tngtech.archunit.core.importer.JavaClassProcessor - Processing class 'java/util/function/IntFunction'
16:42:51.059 [main] DEBUG com.tngtech.archunit.core.importer.JavaClassProcessor - Processing class 'java/util/function/Predicate'
16:42:51.059 [main] DEBUG com.tngtech.archunit.core.importer.JavaClassProcessor - Processing class 'sun/util/calendar/BaseCalendar'
16:42:51.060 [main] DEBUG com.tngtech.archunit.core.importer.JavaClassProcessor - Processing class 'sun/util/calendar/BaseCalendar$Date'
16:42:51.060 [main] DEBUG com.tngtech.archunit.core.importer.JavaClassProcessor - Processing class 'sun/util/calendar/ZoneInfo'
16:42:51.061 [main] DEBUG com.tngtech.archunit.core.importer.JavaClassProcessor - Processing class 'java/time/Instant'
16:42:51.062 [main] DEBUG com.tngtech.archunit.core.importer.JavaClassProcessor - Processing class 'java/util/function/UnaryOperator'
16:42:51.063 [main] DEBUG com.tngtech.archunit.core.importer.JavaClassProcessor - Processing class 'java/util/ListIterator'
16:42:51.063 [main] DEBUG com.tngtech.archunit.core.importer.JavaClassProcessor - Processing class 'java/util/RandomAccess'
16:42:51.063 [main] DEBUG com.tngtech.archunit.core.importer.JavaClassProcessor - Processing class 'java/util/Map$Entry'
16:42:51.064 [main] DEBUG com.tngtech.archunit.core.importer.JavaClassProcessor - Processing class 'java/util/function/BiConsumer'
16:42:51.064 [main] DEBUG com.tngtech.archunit.core.importer.JavaClassProcessor - Processing class 'java/util/function/BiFunction'
16:42:51.064 [main] DEBUG com.tngtech.archunit.core.importer.JavaClassProcessor - Processing class 'java/util/function/Function'
16:42:51.065 [main] DEBUG com.tngtech.archunit.core.importer.JavaClassProcessor - Processing class 'java/util/ImmutableCollections$AbstractImmutableMap'
16:42:51.066 [main] DEBUG com.tngtech.archunit.core.importer.JavaClassProcessor - Processing class 'java/util/function/Supplier'
16:42:51.066 [main] DEBUG com.tngtech.archunit.core.importer.JavaClassProcessor - Processing class 'java/lang/Runnable'
16:42:51.067 [main] DEBUG com.tngtech.archunit.core.importer.JavaClassProcessor - Processing class 'java/util/logging/Logger$LoggerBundle'
16:42:51.067 [main] DEBUG com.tngtech.archunit.core.importer.JavaClassProcessor - Processing class 'java/util/logging/Logger$ConfigurationData'
16:42:51.068 [main] DEBUG com.tngtech.archunit.core.importer.JavaClassProcessor - Processing class 'java/util/logging/LogManager'
16:42:51.069 [main] DEBUG com.tngtech.archunit.core.importer.JavaClassProcessor - Processing class 'java/util/logging/LogManager$LoggerWeakRef'
16:42:51.070 [main] DEBUG com.tngtech.archunit.core.importer.JavaClassProcessor - Processing class 'java/util/ArrayList'
16:42:51.071 [main] DEBUG com.tngtech.archunit.core.importer.JavaClassProcessor - Processing class 'java/lang/ref/WeakReference'
16:42:51.071 [main] DEBUG com.tngtech.archunit.core.importer.JavaClassProcessor - Processing class 'java/util/logging/Filter'
16:42:51.072 [main] DEBUG com.tngtech.archunit.core.importer.JavaClassProcessor - Processing class 'java/util/logging/LogRecord'
16:42:51.072 [main] DEBUG com.tngtech.archunit.core.importer.JavaClassProcessor - Processing class 'java/util/logging/Level'
16:42:51.073 [main] DEBUG com.tngtech.archunit.core.importer.JavaClassProcessor - Processing class 'java/util/logging/Handler'
16:42:51.074 [main] DEBUG com.tngtech.archunit.core.importer.JavaClassProcessor - Processing class 'java/util/stream/Collector$Characteristics'
16:42:51.074 [main] DEBUG com.tngtech.archunit.core.importer.JavaClassProcessor - Processing class 'java/lang/IllegalStateException'
16:42:51.074 [main] DEBUG com.tngtech.archunit.core.importer.JavaClassProcessor - Processing class 'java/util/function/BinaryOperator'
16:42:51.075 [main] DEBUG com.tngtech.archunit.core.importer.JavaClassProcessor - Processing class 'java/util/stream/Collector'
16:42:51.075 [main] DEBUG com.tngtech.archunit.core.importer.JavaClassProcessor - Processing class 'java/lang/Long'
16:42:51.076 [main] DEBUG com.tngtech.archunit.core.importer.JavaClassProcessor - Processing class 'java/lang/Integer'
16:42:51.078 [main] DEBUG com.tngtech.archunit.core.importer.JavaClassProcessor - Processing class 'java/util/function/ToIntFunction'
16:42:51.078 [main] DEBUG com.tngtech.archunit.core.importer.JavaClassProcessor - Processing class 'java/util/function/ToLongFunction'
16:42:51.079 [main] DEBUG com.tngtech.archunit.core.importer.JavaClassProcessor - Processing class 'java/lang/Double'
16:42:51.079 [main] DEBUG com.tngtech.archunit.core.importer.JavaClassProcessor - Processing class 'java/util/function/ToDoubleFunction'
16:42:51.080 [main] DEBUG com.tngtech.archunit.core.importer.JavaClassProcessor - Processing class 'java/util/concurrent/ConcurrentMap'
16:42:51.081 [main] DEBUG com.tngtech.archunit.core.importer.JavaClassProcessor - Processing class 'java/util/IntSummaryStatistics'
16:42:51.081 [main] DEBUG com.tngtech.archunit.core.importer.JavaClassProcessor - Processing class 'java/util/LongSummaryStatistics'
16:42:51.081 [main] DEBUG com.tngtech.archunit.core.importer.JavaClassProcessor - Processing class 'java/util/DoubleSummaryStatistics'
16:42:51.082 [main] DEBUG com.tngtech.archunit.core.importer.JavaClassProcessor - Processing class 'java/util/HashMap'
16:42:51.083 [main] DEBUG com.tngtech.archunit.core.importer.JavaClassProcessor - Processing class 'java/util/stream/Collectors$Partition'
16:42:51.083 [main] DEBUG com.tngtech.archunit.core.importer.JavaClassProcessor - Processing class 'java/util/stream/Collectors$1OptionalBox'
16:42:51.084 [main] DEBUG com.tngtech.archunit.core.importer.JavaClassProcessor - Processing class 'java/util/StringJoiner'
16:42:51.085 [main] DEBUG com.tngtech.archunit.core.importer.JavaClassProcessor - Processing class 'java/util/stream/LongStream'
16:42:51.085 [main] DEBUG com.tngtech.archunit.core.importer.JavaClassProcessor - Processing class 'java/util/stream/DoubleStream'
16:42:51.086 [main] DEBUG com.tngtech.archunit.core.importer.JavaClassProcessor - Processing class 'java/util/stream/Stream$Builder'
16:42:51.087 [main] DEBUG com.tngtech.archunit.core.importer.JavaClassProcessor - Processing class 'javax/servlet/FilterConfig'
16:42:51.087 [main] DEBUG com.tngtech.archunit.core.importer.JavaClassProcessor - Processing class 'javax/servlet/ServletException'
16:42:51.087 [main] DEBUG com.tngtech.archunit.core.importer.JavaClassProcessor - Processing class 'java/util/Enumeration'
16:42:51.088 [main] DEBUG com.tngtech.archunit.core.importer.JavaClassProcessor - Processing class 'javax/servlet/ServletInputStream'
16:42:51.088 [main] DEBUG com.tngtech.archunit.core.importer.JavaClassProcessor - Processing class 'javax/servlet/RequestDispatcher'
16:42:51.088 [main] DEBUG com.tngtech.archunit.core.importer.JavaClassProcessor - Processing class 'javax/servlet/ServletContext'
16:42:51.089 [main] DEBUG com.tngtech.archunit.core.importer.JavaClassProcessor - Processing class 'javax/servlet/AsyncContext'
16:42:51.089 [main] DEBUG com.tngtech.archunit.core.importer.JavaClassProcessor - Processing class 'javax/servlet/DispatcherType'
16:42:51.090 [main] DEBUG com.tngtech.archunit.core.importer.JavaClassProcessor - Processing class 'javax/servlet/ServletOutputStream'
16:42:51.090 [main] DEBUG com.tngtech.archunit.core.importer.JavaClassProcessor - Processing class 'javax/servlet/http/HttpServletMapping'
16:42:51.091 [main] DEBUG com.tngtech.archunit.core.importer.JavaClassProcessor - Processing class 'javax/servlet/http/PushBuilder'
16:42:51.091 [main] DEBUG com.tngtech.archunit.core.importer.JavaClassProcessor - Processing class 'javax/servlet/http/HttpSession'
16:42:51.091 [main] DEBUG com.tngtech.archunit.core.importer.JavaClassProcessor - Processing class 'javax/servlet/http/Part'
16:42:51.092 [main] DEBUG com.tngtech.archunit.core.importer.JavaClassProcessor - Processing class 'javax/servlet/http/HttpUpgradeHandler'
16:42:51.092 [main] DEBUG com.tngtech.archunit.core.importer.JavaClassProcessor - Processing class 'javax/servlet/http/Cookie'
16:42:51.093 [main] DEBUG com.tngtech.archunit.core.importer.JavaClassProcessor - Processing class 'org/springframework/beans/BeansException'
16:42:51.094 [main] DEBUG com.tngtech.archunit.core.importer.JavaClassProcessor - Processing class 'org/springframework/beans/factory/ObjectProvider'
16:42:51.095 [main] DEBUG com.tngtech.archunit.core.importer.JavaClassProcessor - Processing class 'org/springframework/core/ResolvableType'
16:42:51.096 [main] DEBUG com.tngtech.archunit.core.importer.JavaClassProcessor - Processing class 'org/springframework/beans/factory/NoSuchBeanDefinitionException'
16:42:51.098 [main] DEBUG com.tngtech.archunit.core.importer.JavaClassProcessor - Processing class 'org/apache/commons/logging/Log'
16:42:51.099 [main] DEBUG com.tngtech.archunit.core.importer.JavaClassProcessor - Processing class 'org/springframework/boot/SpringApplicationShutdownHook'
16:42:51.099 [main] DEBUG com.tngtech.archunit.core.importer.JavaClassProcessor - Processing class 'org/springframework/boot/Banner$Mode'
16:42:51.100 [main] DEBUG com.tngtech.archunit.core.importer.JavaClassProcessor - Processing class 'org/springframework/boot/Banner'
16:42:51.100 [main] DEBUG com.tngtech.archunit.core.importer.JavaClassProcessor - Processing class 'org/springframework/beans/factory/support/BeanNameGenerator'
16:42:51.100 [main] DEBUG com.tngtech.archunit.core.importer.JavaClassProcessor - Processing class 'org/springframework/core/env/ConfigurableEnvironment'
16:42:51.101 [main] DEBUG com.tngtech.archunit.core.importer.JavaClassProcessor - Processing class 'org/springframework/boot/WebApplicationType'
16:42:51.101 [main] DEBUG com.tngtech.archunit.core.importer.JavaClassProcessor - Processing class 'org/springframework/context/ApplicationContextInitializer'
16:42:51.101 [main] DEBUG com.tngtech.archunit.core.importer.JavaClassProcessor - Processing class 'org/springframework/context/ApplicationListener'
16:42:51.102 [main] DEBUG com.tngtech.archunit.core.importer.JavaClassProcessor - Processing class 'org/springframework/boot/BootstrapRegistryInitializer'
16:42:51.102 [main] DEBUG com.tngtech.archunit.core.importer.JavaClassProcessor - Processing class 'org/springframework/boot/ApplicationContextFactory'
16:42:51.102 [main] DEBUG com.tngtech.archunit.core.importer.JavaClassProcessor - Processing class 'org/springframework/core/metrics/ApplicationStartup'
16:42:51.103 [main] DEBUG com.tngtech.archunit.core.importer.JavaClassProcessor - Processing class 'org/springframework/boot/DefaultBootstrapContext'
16:42:51.103 [main] DEBUG com.tngtech.archunit.core.importer.JavaClassProcessor - Processing class 'org/springframework/boot/SpringApplicationRunListeners'
16:42:51.104 [main] DEBUG com.tngtech.archunit.core.importer.JavaClassProcessor - Processing class 'org/springframework/boot/ApplicationArguments'
16:42:51.104 [main] DEBUG com.tngtech.archunit.core.importer.JavaClassProcessor - Processing class 'org/springframework/core/env/StandardEnvironment'
[...]
16:42:51.201 [main] DEBUG com.tngtech.archunit.core.importer.JavaClassProcessor - Processing class 'java/util/concurrent/TimeUnit'
16:42:51.201 [main] DEBUG com.tngtech.archunit.core.importer.JavaClassProcessor - Processing class 'java/time/Duration'
16:42:51.203 [main] DEBUG com.tngtech.archunit.core.importer.JavaClassProcessor - Processing class 'org/springframework/data/domain/Sort$Order'
16:42:51.204 [main] DEBUG com.tngtech.archunit.core.importer.JavaClassProcessor - Processing class 'org/springframework/data/domain/Page'
16:42:51.205 [main] DEBUG com.tngtech.archunit.core.importer.JavaClassProcessor - Processing class 'org/springframework/data/repository/query/FluentQuery$FetchableFluentQuery'
16:42:51.206 [main] DEBUG com.tngtech.archunit.core.importer.JavaClassProcessor - Processing class 'org/springframework/http/HttpHeaders'
16:42:51.208 [main] DEBUG com.tngtech.archunit.core.importer.JavaClassProcessor - Processing class 'org/springframework/util/MultiValueMap'
16:42:51.208 [main] DEBUG com.tngtech.archunit.core.importer.JavaClassProcessor - Processing class 'org/springframework/http/HttpStatus'
16:42:51.209 [main] DEBUG com.tngtech.archunit.core.importer.JavaClassProcessor - Processing class 'org/springframework/http/ResponseEntity$BodyBuilder'
16:42:51.210 [main] DEBUG com.tngtech.archunit.core.importer.JavaClassProcessor - Processing class 'java/net/URI'
16:42:51.211 [main] DEBUG com.tngtech.archunit.core.importer.JavaClassProcessor - Processing class 'org/springframework/http/ResponseEntity$HeadersBuilder'
16:42:51.212 [main] DEBUG com.tngtech.archunit.core.importer.JavaClassProcessor - Processing class 'org/springframework/http/ResponseEntity$1'
16:42:51.213 [main] DEBUG com.tngtech.archunit.core.importer.JavaClassProcessor - Processing class 'org/springframework/security/core/AuthenticatedPrincipal'
16:42:51.213 [main] DEBUG com.tngtech.archunit.core.importer.JavaClassProcessor - Processing class 'org/springframework/security/core/AuthenticationException'
16:42:51.214 [main] DEBUG com.tngtech.archunit.core.importer.JavaClassProcessor - Processing class 'org/springframework/security/config/annotation/AbstractConfiguredSecurityBuilder$BuildState'
16:42:51.214 [main] DEBUG com.tngtech.archunit.core.importer.JavaClassProcessor - Processing class 'org/springframework/security/config/annotation/ObjectPostProcessor'
16:42:51.215 [main] DEBUG com.tngtech.archunit.core.importer.JavaClassProcessor - Processing class 'java/util/concurrent/atomic/AtomicBoolean'
16:42:51.216 [main] DEBUG com.tngtech.archunit.core.importer.JavaClassProcessor - Processing class 'org/springframework/security/config/annotation/SecurityConfigurerAdapter$CompositeObjectPostProcessor'
16:42:51.216 [main] DEBUG com.tngtech.archunit.core.importer.JavaClassProcessor - Processing class 'org/springframework/security/authentication/AuthenticationProvider'
16:42:51.217 [main] DEBUG com.tngtech.archunit.core.importer.JavaClassProcessor - Processing class 'org/springframework/security/core/userdetails/UserDetailsService'
16:42:51.217 [main] DEBUG com.tngtech.archunit.core.importer.JavaClassProcessor - Processing class 'org/springframework/security/authentication/AuthenticationEventPublisher'
16:42:51.217 [main] DEBUG com.tngtech.archunit.core.importer.JavaClassProcessor - Processing class 'org/springframework/security/authentication/ProviderManager'
16:42:51.218 [main] DEBUG com.tngtech.archunit.core.importer.JavaClassProcessor - Processing class 'org/springframework/security/config/annotation/authentication/configurers/provisioning/InMemoryUserDetailsManagerConfigurer'
16:42:51.218 [main] DEBUG com.tngtech.archunit.core.importer.JavaClassProcessor - Processing class 'org/springframework/security/config/annotation/authentication/configurers/provisioning/JdbcUserDetailsManagerConfigurer'
16:42:51.219 [main] DEBUG com.tngtech.archunit.core.importer.JavaClassProcessor - Processing class 'org/springframework/security/config/annotation/authentication/configurers/userdetails/DaoAuthenticationConfigurer'
16:42:51.219 [main] DEBUG com.tngtech.archunit.core.importer.JavaClassProcessor - Processing class 'org/springframework/security/config/annotation/authentication/configurers/ldap/LdapAuthenticationProviderConfigurer'
16:42:51.220 [main] DEBUG com.tngtech.archunit.core.importer.JavaClassProcessor - Processing class 'org/springframework/security/config/annotation/authentication/configurers/userdetails/UserDetailsAwareConfigurer'
16:42:51.221 [main] DEBUG com.tngtech.archunit.core.importer.JavaClassProcessor - Processing class 'org/springframework/security/config/annotation/authentication/configuration/AuthenticationConfiguration'
16:42:51.221 [main] DEBUG com.tngtech.archunit.core.importer.JavaClassProcessor - Processing class 'org/springframework/context/annotation/AdviceMode'
16:42:51.222 [main] DEBUG com.tngtech.archunit.core.importer.JavaClassProcessor - Processing class 'org/springframework/security/config/annotation/method/configuration/GlobalMethodSecuritySelector'
16:42:51.222 [main] DEBUG com.tngtech.archunit.core.importer.JavaClassProcessor - Processing class 'org/springframework/security/web/util/matcher/RequestMatcher'
16:42:51.222 [main] DEBUG com.tngtech.archunit.core.importer.JavaClassProcessor - Processing class 'org/springframework/http/HttpMethod'
16:42:51.223 [main] DEBUG com.tngtech.archunit.core.importer.JavaClassProcessor - Processing class 'org/springframework/security/web/servlet/util/matcher/MvcRequestMatcher'
16:42:51.223 [main] DEBUG com.tngtech.archunit.core.importer.JavaClassProcessor - Processing class 'org/springframework/web/servlet/handler/HandlerMappingIntrospector'
16:42:51.225 [main] DEBUG com.tngtech.archunit.core.importer.JavaClassProcessor - Processing class 'org/springframework/security/web/DefaultSecurityFilterChain'
16:42:51.225 [main] DEBUG com.tngtech.archunit.core.importer.JavaClassProcessor - Processing class 'org/springframework/security/config/annotation/web/builders/HttpSecurity$RequestMatcherConfigurer'
16:42:51.226 [main] DEBUG com.tngtech.archunit.core.importer.JavaClassProcessor - Processing class 'org/springframework/security/config/annotation/web/builders/HttpSecurity$OrderedFilter'
16:42:51.226 [main] DEBUG com.tngtech.archunit.core.importer.JavaClassProcessor - Processing class 'org/springframework/security/config/annotation/web/builders/FilterOrderRegistration'
16:42:51.227 [main] DEBUG com.tngtech.archunit.core.importer.JavaClassProcessor - Processing class 'org/springframework/security/config/annotation/web/configurers/openid/OpenIDLoginConfigurer'
16:42:51.227 [main] DEBUG com.tngtech.archunit.core.importer.JavaClassProcessor - Processing class 'org/springframework/security/config/Customizer'
16:42:51.228 [main] DEBUG com.tngtech.archunit.core.importer.JavaClassProcessor - Processing class 'org/springframework/security/config/annotation/web/configurers/HeadersConfigurer'
16:42:51.229 [main] DEBUG com.tngtech.archunit.core.importer.JavaClassProcessor - Processing class 'org/springframework/security/config/annotation/web/configurers/PortMapperConfigurer'
16:42:51.229 [main] DEBUG com.tngtech.archunit.core.importer.JavaClassProcessor - Processing class 'org/springframework/security/config/annotation/web/configurers/JeeConfigurer'
16:42:51.230 [main] DEBUG com.tngtech.archunit.core.importer.JavaClassProcessor - Processing class 'org/springframework/security/config/annotation/web/configurers/X509Configurer'
16:42:51.231 [main] DEBUG com.tngtech.archunit.core.importer.JavaClassProcessor - Processing class 'org/springframework/security/config/annotation/web/configurers/RememberMeConfigurer'
16:42:51.231 [main] DEBUG com.tngtech.archunit.core.importer.JavaClassProcessor - Processing class 'org/springframework/security/config/annotation/web/configurers/ExpressionUrlAuthorizationConfigurer'
16:42:51.232 [main] DEBUG com.tngtech.archunit.core.importer.JavaClassProcessor - Processing class 'org/springframework/security/config/annotation/web/configurers/AuthorizeHttpRequestsConfigurer$AuthorizationManagerRequestMatcherRegistry'
16:42:51.233 [main] DEBUG com.tngtech.archunit.core.importer.JavaClassProcessor - Processing class 'org/springframework/security/config/annotation/web/configurers/AuthorizeHttpRequestsConfigurer'
16:42:51.233 [main] DEBUG com.tngtech.archunit.core.importer.JavaClassProcessor - Processing class 'org/springframework/security/config/annotation/web/configurers/RequestCacheConfigurer'
16:42:51.234 [main] DEBUG com.tngtech.archunit.core.importer.JavaClassProcessor - Processing class 'org/springframework/security/config/annotation/web/configurers/ExceptionHandlingConfigurer'
16:42:51.235 [main] DEBUG com.tngtech.archunit.core.importer.JavaClassProcessor - Processing class 'org/springframework/security/config/annotation/web/configurers/SecurityContextConfigurer'
16:42:51.235 [main] DEBUG com.tngtech.archunit.core.importer.JavaClassProcessor - Processing class 'org/springframework/security/config/annotation/web/configurers/ServletApiConfigurer'
16:42:51.235 [main] DEBUG com.tngtech.archunit.core.importer.JavaClassProcessor - Processing class 'org/springframework/security/config/annotation/web/configurers/LogoutConfigurer'
16:42:51.236 [main] DEBUG com.tngtech.archunit.core.importer.JavaClassProcessor - Processing class 'org/springframework/security/config/annotation/web/configurers/AnonymousConfigurer'
16:42:51.237 [main] DEBUG com.tngtech.archunit.core.importer.JavaClassProcessor - Processing class 'org/springframework/security/config/annotation/web/configurers/FormLoginConfigurer'
16:42:51.237 [main] DEBUG com.tngtech.archunit.core.importer.JavaClassProcessor - Processing class 'org/springframework/security/config/annotation/web/configurers/saml2/Saml2LoginConfigurer'
16:42:51.238 [main] DEBUG com.tngtech.archunit.core.importer.JavaClassProcessor - Processing class 'org/springframework/security/config/annotation/web/configurers/saml2/Saml2LogoutConfigurer'
16:42:51.239 [main] DEBUG com.tngtech.archunit.core.importer.JavaClassProcessor - Processing class 'org/springframework/security/config/annotation/web/configurers/oauth2/client/OAuth2LoginConfigurer'
16:42:51.241 [main] DEBUG com.tngtech.archunit.core.importer.JavaClassProcessor - Processing class 'org/springframework/security/config/annotation/web/configurers/oauth2/client/OAuth2ClientConfigurer'
16:42:51.241 [main] DEBUG com.tngtech.archunit.core.importer.JavaClassProcessor - Processing class 'org/springframework/security/config/annotation/web/configurers/oauth2/server/resource/OAuth2ResourceServerConfigurer'
16:42:51.242 [main] DEBUG com.tngtech.archunit.core.importer.JavaClassProcessor - Processing class 'org/springframework/security/config/annotation/web/configurers/ChannelSecurityConfigurer$ChannelRequestMatcherRegistry'
16:42:51.243 [main] DEBUG com.tngtech.archunit.core.importer.JavaClassProcessor - Processing class 'org/springframework/security/config/annotation/web/configurers/ChannelSecurityConfigurer'
16:42:51.243 [main] DEBUG com.tngtech.archunit.core.importer.JavaClassProcessor - Processing class 'org/springframework/security/config/annotation/web/configurers/HttpBasicConfigurer'
16:42:51.244 [main] DEBUG com.tngtech.archunit.core.importer.JavaClassProcessor - Processing class 'org/springframework/security/config/annotation/web/configurers/PasswordManagementConfigurer'
16:42:51.245 [main] DEBUG com.tngtech.archunit.core.importer.JavaClassProcessor - Processing class 'org/springframework/security/config/annotation/web/configuration/WebSecurityConfiguration'
16:42:51.246 [main] DEBUG com.tngtech.archunit.core.importer.JavaClassProcessor - Processing class 'org/springframework/security/config/annotation/web/configuration/SpringWebMvcImportSelector'
16:42:51.246 [main] DEBUG com.tngtech.archunit.core.importer.JavaClassProcessor - Processing class 'org/springframework/security/config/annotation/web/configuration/OAuth2ImportSelector'
16:42:51.247 [main] DEBUG com.tngtech.archunit.core.importer.JavaClassProcessor - Processing class 'org/springframework/security/config/annotation/web/configuration/HttpSecurityConfiguration'
16:42:51.247 [main] DEBUG com.tngtech.archunit.core.importer.JavaClassProcessor - Processing class 'org/springframework/security/config/annotation/web/builders/WebSecurity'
16:42:51.248 [main] DEBUG com.tngtech.archunit.core.importer.JavaClassProcessor - Processing class 'org/springframework/web/accept/ContentNegotiationStrategy'
16:42:51.248 [main] DEBUG com.tngtech.archunit.core.importer.JavaClassProcessor - Processing class 'org/springframework/security/authentication/AuthenticationTrustResolver'
16:42:51.249 [main] DEBUG com.tngtech.archunit.core.importer.JavaClassProcessor - Processing class 'org/springframework/security/web/access/intercept/FilterSecurityInterceptor'
16:42:51.249 [main] DEBUG com.tngtech.archunit.core.importer.JavaClassProcessor - Processing class 'org/springframework/security/config/annotation/web/configurers/AbstractConfigAttributeRequestMatcherRegistry$UrlMapping'
16:42:51.250 [main] DEBUG com.tngtech.archunit.core.importer.JavaClassProcessor - Processing class 'org/springframework/security/access/ConfigAttribute'
16:42:51.250 [main] DEBUG com.tngtech.archunit.core.importer.JavaClassProcessor - Processing class 'org/springframework/security/config/annotation/web/configurers/AbstractInterceptUrlConfigurer'
16:42:51.250 [main] DEBUG com.tngtech.archunit.core.importer.JavaClassProcessor - Processing class 'org/springframework/security/access/AccessDecisionManager'
16:42:51.251 [main] DEBUG com.tngtech.archunit.core.importer.JavaClassProcessor - Processing class 'org/springframework/web/filter/CorsFilter'
16:42:51.251 [main] DEBUG com.tngtech.archunit.core.importer.JavaClassProcessor - Processing class 'org/springframework/security/web/csrf/CsrfTokenRepository'
16:42:51.251 [main] DEBUG com.tngtech.archunit.core.importer.JavaClassProcessor - Processing class 'org/springframework/security/web/authentication/session/SessionAuthenticationStrategy'
16:42:51.252 [main] DEBUG com.tngtech.archunit.core.importer.JavaClassProcessor - Processing class 'org/springframework/security/web/access/AccessDeniedHandler'
16:42:51.252 [main] DEBUG com.tngtech.archunit.core.importer.JavaClassProcessor - Processing class 'org/springframework/security/web/session/InvalidSessionStrategy'
16:42:51.252 [main] DEBUG com.tngtech.archunit.core.importer.JavaClassProcessor - Processing class 'org/springframework/security/web/csrf/MissingCsrfTokenException'
16:42:51.253 [main] DEBUG com.tngtech.archunit.core.importer.JavaClassProcessor - Processing class 'org/springframework/security/config/annotation/web/configurers/ExpressionUrlAuthorizationConfigurer$MvcMatchersAuthorizedUrl'
16:42:51.253 [main] DEBUG com.tngtech.archunit.core.importer.JavaClassProcessor - Processing class 'org/springframework/security/access/expression/SecurityExpressionHandler'
16:42:51.254 [main] DEBUG com.tngtech.archunit.core.importer.JavaClassProcessor - Processing class 'org/springframework/security/web/FilterInvocation'
16:42:51.254 [main] DEBUG com.tngtech.archunit.core.importer.JavaClassProcessor - Processing class 'org/springframework/security/config/annotation/web/configurers/ExpressionUrlAuthorizationConfigurer$1'
16:42:51.254 [main] DEBUG com.tngtech.archunit.core.importer.JavaClassProcessor - Processing class 'org/springframework/security/web/session/SessionInformationExpiredStrategy'
16:42:51.255 [main] DEBUG com.tngtech.archunit.core.importer.JavaClassProcessor - Processing class 'org/springframework/security/core/session/SessionRegistry'
16:42:51.255 [main] DEBUG com.tngtech.archunit.core.importer.JavaClassProcessor - Processing class 'org/springframework/security/web/authentication/AuthenticationFailureHandler'
16:42:51.255 [main] DEBUG com.tngtech.archunit.core.importer.JavaClassProcessor - Processing class 'org/springframework/security/config/annotation/web/configurers/SessionManagementConfigurer$SessionFixationConfigurer'
16:42:51.256 [main] DEBUG com.tngtech.archunit.core.importer.JavaClassProcessor - Processing class 'org/springframework/security/config/annotation/web/configurers/SessionManagementConfigurer$ConcurrencyControlConfigurer'
16:42:51.256 [main] DEBUG com.tngtech.archunit.core.importer.JavaClassProcessor - Processing class 'org/springframework/security/web/context/SecurityContextRepository'
16:42:51.256 [main] DEBUG com.tngtech.archunit.core.importer.JavaClassProcessor - Processing class 'org/springframework/security/web/savedrequest/RequestCache'
16:42:51.257 [main] DEBUG com.tngtech.archunit.core.importer.JavaClassProcessor - Processing class 'org/springframework/security/web/session/ConcurrentSessionFilter'
16:42:51.257 [main] DEBUG com.tngtech.archunit.core.importer.JavaClassProcessor - Processing class 'org/springframework/security/context/DelegatingApplicationListener'
16:42:51.259 [main] DEBUG com.tngtech.archunit.core.importer.JavaClassProcessor - Processing class 'org/springframework/security/core/context/SecurityContextHolderStrategy'
16:42:51.259 [main] DEBUG com.tngtech.archunit.core.importer.JavaClassProcessor - Processing class 'java/util/SortedSet'
16:42:51.260 [main] DEBUG com.tngtech.archunit.core.importer.JavaClassProcessor - Processing class 'org/springframework/security/core/userdetails/User$UserBuilder'
16:42:51.261 [main] DEBUG com.tngtech.archunit.core.importer.JavaClassProcessor - Processing class 'org/springframework/security/authentication/AuthenticationDetailsSource'
16:42:51.262 [main] DEBUG com.tngtech.archunit.core.importer.JavaClassProcessor - Processing class 'org/springframework/context/support/MessageSourceAccessor'
16:42:51.262 [main] DEBUG com.tngtech.archunit.core.importer.JavaClassProcessor - Processing class 'org/springframework/security/web/authentication/RememberMeServices'
16:42:51.262 [main] DEBUG com.tngtech.archunit.core.importer.JavaClassProcessor - Processing class 'org/springframework/security/web/authentication/AuthenticationSuccessHandler'
16:42:51.263 [main] DEBUG com.tngtech.archunit.core.importer.JavaClassProcessor - Processing class 'org/springframework/security/web/util/matcher/AntPathRequestMatcher'
16:42:51.264 [main] DEBUG com.tngtech.archunit.core.importer.JavaClassProcessor - Processing class 'org/springframework/web/bind/annotation/RequestMethod'
16:42:51.265 [main] DEBUG com.tngtech.archunit.core.importer.JavaClassProcessor - Processing class 'org/springframework/web/cors/CorsConfiguration$OriginPattern'
16:42:51.266 [main] DEBUG com.tngtech.archunit.core.importer.JavaClassProcessor - Processing class 'org/springframework/util/PathMatcher'
16:42:51.266 [main] DEBUG com.tngtech.archunit.core.importer.JavaClassProcessor - Processing class 'org/springframework/web/util/pattern/PathPatternParser'
16:42:51.267 [main] DEBUG com.tngtech.archunit.core.importer.JavaClassProcessor - Processing class 'org/springframework/web/util/UrlPathHelper'
16:42:51.268 [main] DEBUG com.tngtech.archunit.core.importer.JavaClassProcessor - Processing class 'org/springframework/web/util/pattern/PathPattern'
16:42:51.269 [main] DEBUG com.tngtech.archunit.core.importer.JavaClassProcessor - Processing class 'org/springframework/http/server/PathContainer'
16:42:51.269 [main] DEBUG com.tngtech.archunit.core.importer.JavaClassProcessor - Processing class 'org/springframework/beans/BeanWrapper'
16:42:51.270 [main] DEBUG com.tngtech.archunit.core.importer.JavaClassProcessor - Processing class 'org/springframework/security/core/userdetails/UsernameNotFoundException'
16:42:51.284 [main] DEBUG com.tngtech.archunit.core.importer.JavaClassProcessor - Processing class 'com/fasterxml/jackson/databind/jsontype/NamedType'
16:42:51.284 [main] DEBUG com.tngtech.archunit.core.importer.JavaClassProcessor - Processing class 'java/io/ObjectStreamField'
]]></system-out>
  </testcase>
</testsuite>