<?xml version="1.0" encoding="UTF-8"?>
<testsuite xmlns:xsi="http://www.w3.org/2001/XMLSchema-instance" xsi:noNamespaceSchemaLocation="https://maven.apache.org/surefire/maven-surefire-plugin/xsd/surefire-test-report.xsd" name="StorageArchitectureTest" time="0.013" tests="2" errors="0" skipped="0" failures="0">
  <properties>
[...]
</properties>
  <testcase name="entity_class_names_are_only_used_in_storage_layer" classname="pl.sages.javadevpro.projecttwo.archtest.StorageArchitectureTest" time="0.013"/>
  <testcase name="jpa_annotations_are_only_used_in_storage_layer" classname="pl.sages.javadevpro.projecttwo.archtest.StorageArchitectureTest" time="0"/>
</testsuite>